2026-04-09 21:19:49,717 - INFO - Fetched 200 markets
2026-04-09 21:37:39,406 - INFO - Fetched 200 markets
2026-04-09 21:38:15,899 - INFO - Fetched 200 markets
2026-04-09 21:38:46,079 - INFO - Fetched 200 markets
2026-04-09 21:39:32,261 - INFO - Fetched 200 markets
2026-04-09 21:41:39,501 - INFO - Fetched 200 markets
2026-04-09 21:42:49,256 - INFO - Fetched 200 markets
2026-04-09 21:44:07,407 - INFO - Fetched 200 markets
2026-04-09 21:45:53,563 - INFO - Fetched 200 markets
2026-04-09 22:22:00,082 - INFO - Dash is running on http://127.0.0.1:8050/

2026-04-09 22:22:26,825 - INFO - Fetched 200 markets
2026-04-09 22:30:27,577 - INFO - Dash is running on http://127.0.0.1:8050/

2026-04-09 22:31:51,263 - INFO - Fetched 200 markets
2026-04-09 22:39:32,863 - INFO - Dash is running on http://127.0.0.1:8050/

2026-04-09 22:40:40,136 - INFO - Fetched 200 markets
2026-04-09 22:48:02,133 - INFO - Dash is running on http://127.0.0.1:8050/

2026-04-09 22:48:11,151 - INFO - Fetched 200 markets
2026-04-09 22:49:41,252 - INFO - Fetched 200 markets
2026-04-09 23:03:56,369 - INFO - Dash is running on http://127.0.0.1:8050/

2026-04-09 23:05:26,226 - INFO - Fetched 200 markets
2026-04-09 23:09:13,534 - INFO - Dash is running on http://127.0.0.1:8050/

2026-04-09 23:09:22,299 - INFO - Fetched 200 markets
2026-04-09 23:09:32,277 - INFO - Fetched 200 markets
2026-04-09 23:09:59,908 - INFO - Fetched 200 markets
2026-04-09 23:14:57,283 - INFO - Dash is running on http://127.0.0.1:8050/

2026-04-09 23:15:04,999 - INFO - Fetched 200 markets
2026-04-09 23:22:05,002 - INFO - Wallet loaded: 0x86cE9823998f6F323151aA613e751156Dc1b9486
2026-04-09 23:22:05,002 - INFO - Wallet loaded: 0x86cE9823998f6F323151aA613e751156Dc1b9486
2026-04-09 23:22:05,003 - INFO - Wallet loaded: 0x86cE9823998f6F323151aA613e751156Dc1b9486
2026-04-09 23:22:05,002 - INFO - Wallet loaded: 0x86cE9823998f6F323151aA613e751156Dc1b9486
2026-04-09 23:22:05,003 - INFO - Wallet loaded: 0x86cE9823998f6F323151aA613e751156Dc1b9486
2026-04-09 23:22:14,276 - INFO - Wallet loaded: 0x86cE9823998f6F323151aA613e751156Dc1b9486
2026-04-09 23:22:14,284 - INFO - Wallet loaded: 0x86cE9823998f6F323151aA613e751156Dc1b9486
2026-04-09 23:22:14,288 - INFO - Wallet loaded: 0x86cE9823998f6F323151aA613e751156Dc1b9486
2026-04-09 23:22:14,291 - INFO - Wallet loaded: 0x86cE9823998f6F323151aA613e751156Dc1b9486
2026-04-09 23:22:14,291 - INFO - Wallet loaded: 0x86cE9823998f6F323151aA613e751156Dc1b9486
2026-04-09 23:22:24,290 - INFO - Wallet loaded: 0x86cE9823998f6F323151aA613e751156Dc1b9486
2026-04-09 23:22:24,294 - INFO - Wallet loaded: 0x86cE9823998f6F323151aA613e751156Dc1b9486
2026-04-09 23:22:24,298 - INFO - Wallet loaded: 0x86cE9823998f6F323151aA613e751156Dc1b9486
2026-04-09 23:22:24,303 - INFO - Wallet loaded: 0x86cE9823998f6F323151aA613e751156Dc1b9486
2026-04-09 23:22:24,304 - INFO - Wallet loaded: 0x86cE9823998f6F323151aA613e751156Dc1b9486
2026-04-09 23:22:34,285 - INFO - Wallet loaded: 0x86cE9823998f6F323151aA613e751156Dc1b9486
2026-04-09 23:22:34,290 - INFO - Wallet loaded: 0x86cE9823998f6F323151aA613e751156Dc1b9486
2026-04-09 23:22:34,293 - INFO - Wallet loaded: 0x86cE9823998f6F323151aA613e751156Dc1b9486
2026-04-09 23:22:34,297 - INFO - Wallet loaded: 0x86cE9823998f6F323151aA613e751156Dc1b9486
2026-04-09 23:22:34,300 - INFO - Wallet loaded: 0x86cE9823998f6F323151aA613e751156Dc1b9486
2026-04-09 23:22:44,325 - INFO - Wallet loaded: 0x86cE9823998f6F323151aA613e751156Dc1b9486
2026-04-09 23:22:44,331 - INFO - Wallet loaded: 0x86cE9823998f6F323151aA613e751156Dc1b9486
2026-04-09 23:22:44,336 - INFO - Wallet loaded: 0x86cE9823998f6F323151aA613e751156Dc1b9486
2026-04-09 23:22:44,339 - INFO - Wallet loaded: 0x86cE9823998f6F323151aA613e751156Dc1b9486
2026-04-09 23:22:44,343 - INFO - Wallet loaded: 0x86cE9823998f6F323151aA613e751156Dc1b9486
2026-04-09 23:22:54,312 - INFO - Wallet loaded: 0x86cE9823998f6F323151aA613e751156Dc1b9486
2026-04-09 23:22:54,315 - INFO - Wallet loaded: 0x86cE9823998f6F323151aA613e751156Dc1b9486
2026-04-09 23:22:54,319 - INFO - Wallet loaded: 0x86cE9823998f6F323151aA613e751156Dc1b9486
2026-04-09 23:22:54,323 - INFO - Wallet loaded: 0x86cE9823998f6F323151aA613e751156Dc1b9486
2026-04-09 23:22:54,326 - INFO - Wallet loaded: 0x86cE9823998f6F323151aA613e751156Dc1b9486
2026-04-09 23:23:05,305 - INFO - Wallet loaded: 0x86cE9823998f6F323151aA613e751156Dc1b9486
2026-04-09 23:23:05,308 - INFO - Wallet loaded: 0x86cE9823998f6F323151aA613e751156Dc1b9486
2026-04-09 23:23:05,313 - INFO - Wallet loaded: 0x86cE9823998f6F323151aA613e751156Dc1b9486
2026-04-09 23:23:05,317 - INFO - Wallet loaded: 0x86cE9823998f6F323151aA613e751156Dc1b9486
2026-04-09 23:23:05,321 - INFO - Wallet loaded: 0x86cE9823998f6F323151aA613e751156Dc1b9486
2026-04-09 23:23:15,306 - INFO - Wallet loaded: 0x86cE9823998f6F323151aA613e751156Dc1b9486
2026-04-09 23:23:15,309 - INFO - Wallet loaded: 0x86cE9823998f6F323151aA613e751156Dc1b9486
2026-04-09 23:23:15,314 - INFO - Wallet loaded: 0x86cE9823998f6F323151aA613e751156Dc1b9486
2026-04-09 23:23:15,317 - INFO - Wallet loaded: 0x86cE9823998f6F323151aA613e751156Dc1b9486
2026-04-09 23:23:15,321 - INFO - Wallet loaded: 0x86cE9823998f6F323151aA613e751156Dc1b9486
2026-04-09 23:23:25,311 - INFO - Wallet loaded: 0x86cE9823998f6F323151aA613e751156Dc1b9486
2026-04-09 23:23:25,319 - INFO - Wallet loaded: 0x86cE9823998f6F323151aA613e751156Dc1b9486
2026-04-09 23:23:25,326 - INFO - Wallet loaded: 0x86cE9823998f6F323151aA613e751156Dc1b9486
2026-04-09 23:23:25,322 - INFO - Wallet loaded: 0x86cE9823998f6F323151aA613e751156Dc1b9486
2026-04-09 23:23:25,331 - INFO - Wallet loaded: 0x86cE9823998f6F323151aA613e751156Dc1b9486
2026-04-09 23:23:27,631 - INFO - Wallet loaded: 0x86cE9823998f6F323151aA613e751156Dc1b9486
2026-04-09 23:23:35,305 - INFO - Wallet loaded: 0x86cE9823998f6F323151aA613e751156Dc1b9486
2026-04-09 23:23:35,311 - INFO - Wallet loaded: 0x86cE9823998f6F323151aA613e751156Dc1b9486
2026-04-09 23:23:35,316 - INFO - Wallet loaded: 0x86cE9823998f6F323151aA613e751156Dc1b9486
2026-04-09 23:23:35,321 - INFO - Wallet loaded: 0x86cE9823998f6F323151aA613e751156Dc1b9486
2026-04-09 23:23:35,326 - INFO - Wallet loaded: 0x86cE9823998f6F323151aA613e751156Dc1b9486
2026-04-09 23:23:46,112 - INFO - Wallet loaded: 0x86cE9823998f6F323151aA613e751156Dc1b9486
2026-04-09 23:23:46,112 - INFO - Wallet loaded: 0x86cE9823998f6F323151aA613e751156Dc1b9486
2026-04-09 23:23:46,112 - INFO - Wallet loaded: 0x86cE9823998f6F323151aA613e751156Dc1b9486
2026-04-09 23:23:46,113 - INFO - Wallet loaded: 0x86cE9823998f6F323151aA613e751156Dc1b9486
2026-04-09 23:23:46,368 - INFO - Wallet loaded: 0x86cE9823998f6F323151aA613e751156Dc1b9486
2026-04-09 23:23:46,372 - INFO - Wallet loaded: 0x86cE9823998f6F323151aA613e751156Dc1b9486
2026-04-09 23:23:48,409 - INFO - Wallet loaded: 0x86cE9823998f6F323151aA613e751156Dc1b9486
2026-04-09 23:23:48,412 - INFO - Wallet loaded: 0x86cE9823998f6F323151aA613e751156Dc1b9486
2026-04-09 23:23:48,509 - INFO - HTTP Request: POST https://clob.polymarket.com/auth/api-key "HTTP/2 400 Bad Request"
2026-04-09 23:23:48,517 - INFO - HTTP Request: POST https://clob.polymarket.com/auth/api-key "HTTP/2 400 Bad Request"
2026-04-09 23:23:48,518 - INFO - HTTP Request: POST https://clob.polymarket.com/auth/api-key "HTTP/2 400 Bad Request"
2026-04-09 23:23:48,519 - INFO - HTTP Request: POST https://clob.polymarket.com/auth/api-key "HTTP/2 400 Bad Request"
2026-04-09 23:23:48,895 - INFO - HTTP Request: POST https://clob.polymarket.com/auth/api-key "HTTP/2 400 Bad Request"
2026-04-09 23:23:48,911 - INFO - HTTP Request: GET https://clob.polymarket.com/auth/derive-api-key "HTTP/2 200 OK"
2026-04-09 23:23:48,913 - INFO - HTTP Request: GET https://clob.polymarket.com/auth/derive-api-key "HTTP/2 200 OK"
2026-04-09 23:23:48,920 - INFO - HTTP Request: GET https://clob.polymarket.com/auth/derive-api-key "HTTP/2 200 OK"
2026-04-09 23:23:48,925 - INFO - Wallet loaded: 0x86cE9823998f6F323151aA613e751156Dc1b9486
2026-04-09 23:23:49,191 - INFO - HTTP Request: GET https://clob.polymarket.com/auth/derive-api-key "HTTP/2 200 OK"
2026-04-09 23:23:49,191 - INFO - HTTP Request: GET https://clob.polymarket.com/auth/derive-api-key "HTTP/2 200 OK"
2026-04-09 23:23:49,211 - INFO - HTTP Request: GET https://clob.polymarket.com/balance-allowance?asset_type=COLLATERAL&signature_type=0 "HTTP/2 200 OK"
2026-04-09 23:23:49,213 - INFO - HTTP Request: GET https://clob.polymarket.com/balance-allowance?asset_type=COLLATERAL&signature_type=0 "HTTP/2 200 OK"
2026-04-09 23:23:49,411 - INFO - HTTP Request: GET https://clob.polymarket.com/balance-allowance?asset_type=COLLATERAL&signature_type=0 "HTTP/2 200 OK"
2026-04-09 23:23:49,415 - INFO - Wallet loaded: 0x86cE9823998f6F323151aA613e751156Dc1b9486
2026-04-09 23:23:49,416 - INFO - HTTP Request: GET https://clob.polymarket.com/balance-allowance?asset_type=COLLATERAL&signature_type=0 "HTTP/2 200 OK"
2026-04-09 23:23:49,420 - INFO - Wallet loaded: 0x86cE9823998f6F323151aA613e751156Dc1b9486
2026-04-09 23:23:49,567 - INFO - HTTP Request: GET https://clob.polymarket.com/balance-allowance?asset_type=COLLATERAL&signature_type=0 "HTTP/2 200 OK"
2026-04-09 23:23:49,671 - INFO - Wallet loaded: 0x86cE9823998f6F323151aA613e751156Dc1b9486
2026-04-09 23:23:49,677 - INFO - Wallet loaded: 0x86cE9823998f6F323151aA613e751156Dc1b9486
2026-04-09 23:23:56,375 - INFO - Wallet loaded: 0x86cE9823998f6F323151aA613e751156Dc1b9486
2026-04-09 23:23:56,378 - INFO - Wallet loaded: 0x86cE9823998f6F323151aA613e751156Dc1b9486
2026-04-09 23:23:56,381 - INFO - Wallet loaded: 0x86cE9823998f6F323151aA613e751156Dc1b9486
2026-04-09 23:23:56,385 - INFO - Wallet loaded: 0x86cE9823998f6F323151aA613e751156Dc1b9486
2026-04-09 23:23:56,388 - INFO - Wallet loaded: 0x86cE9823998f6F323151aA613e751156Dc1b9486
2026-04-09 23:24:01,013 - INFO - Wallet loaded: 0x86cE9823998f6F323151aA613e751156Dc1b9486
2026-04-09 23:24:01,020 - INFO - Wallet loaded: 0x86cE9823998f6F323151aA613e751156Dc1b9486
2026-04-09 23:24:01,037 - INFO - Wallet loaded: 0x86cE9823998f6F323151aA613e751156Dc1b9486
2026-04-09 23:24:01,047 - INFO - Wallet loaded: 0x86cE9823998f6F323151aA613e751156Dc1b9486
2026-04-09 23:24:01,049 - INFO - Wallet loaded: 0x86cE9823998f6F323151aA613e751156Dc1b9486
2026-04-09 23:24:01,487 - INFO - Wallet loaded: 0x86cE9823998f6F323151aA613e751156Dc1b9486
2026-04-09 23:24:02,606 - INFO - HTTP Request: POST https://clob.polymarket.com/auth/api-key "HTTP/2 400 Bad Request"
2026-04-09 23:24:02,750 - INFO - HTTP Request: POST https://clob.polymarket.com/auth/api-key "HTTP/2 400 Bad Request"
2026-04-09 23:24:02,751 - INFO - HTTP Request: POST https://clob.polymarket.com/auth/api-key "HTTP/2 400 Bad Request"
2026-04-09 23:24:02,781 - INFO - HTTP Request: POST https://clob.polymarket.com/auth/api-key "HTTP/2 400 Bad Request"
2026-04-09 23:24:03,072 - INFO - HTTP Request: POST https://clob.polymarket.com/auth/api-key "HTTP/2 400 Bad Request"
2026-04-09 23:24:03,072 - INFO - HTTP Request: GET https://clob.polymarket.com/auth/derive-api-key "HTTP/2 200 OK"
2026-04-09 23:24:03,072 - INFO - HTTP Request: POST https://clob.polymarket.com/auth/api-key "HTTP/2 400 Bad Request"
2026-04-09 23:24:03,074 - INFO - HTTP Request: GET https://clob.polymarket.com/auth/derive-api-key "HTTP/2 200 OK"
2026-04-09 23:24:03,079 - INFO - HTTP Request: GET https://clob.polymarket.com/auth/derive-api-key "HTTP/2 200 OK"
2026-04-09 23:24:03,300 - INFO - HTTP Request: GET https://clob.polymarket.com/balance-allowance?asset_type=COLLATERAL&signature_type=0 "HTTP/2 200 OK"
2026-04-09 23:24:03,301 - INFO - HTTP Request: GET https://clob.polymarket.com/balance-allowance?asset_type=COLLATERAL&signature_type=0 "HTTP/2 200 OK"
2026-04-09 23:24:03,302 - INFO - HTTP Request: GET https://clob.polymarket.com/auth/derive-api-key "HTTP/2 200 OK"
2026-04-09 23:24:03,305 - INFO - Wallet loaded: 0x86cE9823998f6F323151aA613e751156Dc1b9486
2026-04-09 23:24:03,474 - INFO - HTTP Request: GET https://clob.polymarket.com/auth/derive-api-key "HTTP/2 200 OK"
2026-04-09 23:24:03,578 - INFO - HTTP Request: GET https://clob.polymarket.com/balance-allowance?asset_type=COLLATERAL&signature_type=0 "HTTP/2 200 OK"
2026-04-09 23:24:03,579 - INFO - HTTP Request: GET https://clob.polymarket.com/auth/derive-api-key "HTTP/2 200 OK"
2026-04-09 23:24:03,583 - INFO - Wallet loaded: 0x86cE9823998f6F323151aA613e751156Dc1b9486
2026-04-09 23:24:03,743 - INFO - Wallet loaded: 0x86cE9823998f6F323151aA613e751156Dc1b9486
2026-04-09 23:24:03,791 - INFO - HTTP Request: GET https://clob.polymarket.com/balance-allowance?asset_type=COLLATERAL&signature_type=0 "HTTP/2 200 OK"
2026-04-09 23:24:04,216 - INFO - HTTP Request: GET https://clob.polymarket.com/balance-allowance?asset_type=COLLATERAL&signature_type=0 "HTTP/2 200 OK"
2026-04-09 23:24:04,221 - INFO - HTTP Request: GET https://clob.polymarket.com/balance-allowance?asset_type=COLLATERAL&signature_type=0 "HTTP/2 200 OK"
2026-04-09 23:24:04,227 - INFO - Wallet loaded: 0x86cE9823998f6F323151aA613e751156Dc1b9486
2026-04-09 23:24:11,332 - INFO - Wallet loaded: 0x86cE9823998f6F323151aA613e751156Dc1b9486
2026-04-09 23:24:11,336 - INFO - Wallet loaded: 0x86cE9823998f6F323151aA613e751156Dc1b9486
2026-04-09 23:24:11,340 - INFO - Wallet loaded: 0x86cE9823998f6F323151aA613e751156Dc1b9486
2026-04-09 23:24:11,343 - INFO - Wallet loaded: 0x86cE9823998f6F323151aA613e751156Dc1b9486
2026-04-09 23:24:11,347 - INFO - Wallet loaded: 0x86cE9823998f6F323151aA613e751156Dc1b9486
2026-04-09 23:24:12,024 - INFO - HTTP Request: POST https://clob.polymarket.com/auth/api-key "HTTP/2 400 Bad Request"
2026-04-09 23:24:12,227 - INFO - HTTP Request: POST https://clob.polymarket.com/auth/api-key "HTTP/2 400 Bad Request"
2026-04-09 23:24:12,237 - INFO - HTTP Request: POST https://clob.polymarket.com/auth/api-key "HTTP/2 400 Bad Request"
2026-04-09 23:24:12,470 - INFO - HTTP Request: GET https://clob.polymarket.com/auth/derive-api-key "HTTP/2 200 OK"
2026-04-09 23:24:12,527 - INFO - HTTP Request: GET https://clob.polymarket.com/auth/derive-api-key "HTTP/2 200 OK"
2026-04-09 23:24:12,811 - INFO - HTTP Request: GET https://clob.polymarket.com/auth/derive-api-key "HTTP/2 200 OK"
2026-04-09 23:24:13,056 - INFO - HTTP Request: GET https://clob.polymarket.com/balance-allowance?asset_type=COLLATERAL&signature_type=0 "HTTP/2 200 OK"
2026-04-09 23:24:13,066 - INFO - HTTP Request: GET https://clob.polymarket.com/balance-allowance?asset_type=COLLATERAL&signature_type=0 "HTTP/2 200 OK"
2026-04-09 23:24:13,069 - INFO - HTTP Request: GET https://clob.polymarket.com/balance-allowance?asset_type=COLLATERAL&signature_type=0 "HTTP/2 200 OK"
2026-04-09 23:24:13,072 - INFO - Wallet loaded: 0x86cE9823998f6F323151aA613e751156Dc1b9486
2026-04-09 23:24:13,927 - INFO - Wallet loaded: 0x86cE9823998f6F323151aA613e751156Dc1b9486
2026-04-09 23:24:16,088 - INFO - Wallet loaded: 0x86cE9823998f6F323151aA613e751156Dc1b9486
2026-04-09 23:24:21,315 - INFO - Wallet loaded: 0x86cE9823998f6F323151aA613e751156Dc1b9486
2026-04-09 23:24:21,319 - INFO - Wallet loaded: 0x86cE9823998f6F323151aA613e751156Dc1b9486
2026-04-09 23:24:21,335 - INFO - Wallet loaded: 0x86cE9823998f6F323151aA613e751156Dc1b9486
2026-04-09 23:24:21,339 - INFO - Wallet loaded: 0x86cE9823998f6F323151aA613e751156Dc1b9486
2026-04-09 23:24:21,344 - INFO - Wallet loaded: 0x86cE9823998f6F323151aA613e751156Dc1b9486
2026-04-09 23:24:21,648 - INFO - HTTP Request: POST https://clob.polymarket.com/auth/api-key "HTTP/2 400 Bad Request"
2026-04-09 23:24:21,657 - INFO - HTTP Request: POST https://clob.polymarket.com/auth/api-key "HTTP/2 400 Bad Request"
2026-04-09 23:24:21,661 - INFO - HTTP Request: POST https://clob.polymarket.com/auth/api-key "HTTP/2 400 Bad Request"
2026-04-09 23:24:21,869 - INFO - HTTP Request: GET https://clob.polymarket.com/auth/derive-api-key "HTTP/2 200 OK"
2026-04-09 23:24:21,882 - INFO - HTTP Request: GET https://clob.polymarket.com/auth/derive-api-key "HTTP/2 200 OK"
2026-04-09 23:24:22,080 - INFO - HTTP Request: GET https://clob.polymarket.com/auth/derive-api-key "HTTP/2 200 OK"
2026-04-09 23:24:22,093 - INFO - HTTP Request: GET https://clob.polymarket.com/balance-allowance?asset_type=COLLATERAL&signature_type=0 "HTTP/2 200 OK"
2026-04-09 23:24:22,098 - INFO - Wallet loaded: 0x86cE9823998f6F323151aA613e751156Dc1b9486
2026-04-09 23:24:22,101 - INFO - HTTP Request: GET https://clob.polymarket.com/balance-allowance?asset_type=COLLATERAL&signature_type=0 "HTTP/2 200 OK"
2026-04-09 23:24:22,224 - INFO - Wallet loaded: 0x86cE9823998f6F323151aA613e751156Dc1b9486
2026-04-09 23:24:22,342 - INFO - HTTP Request: GET https://clob.polymarket.com/balance-allowance?asset_type=COLLATERAL&signature_type=0 "HTTP/2 200 OK"
2026-04-09 23:24:31,312 - INFO - Wallet loaded: 0x86cE9823998f6F323151aA613e751156Dc1b9486
2026-04-09 23:24:31,317 - INFO - Wallet loaded: 0x86cE9823998f6F323151aA613e751156Dc1b9486
2026-04-09 23:24:31,321 - INFO - Wallet loaded: 0x86cE9823998f6F323151aA613e751156Dc1b9486
2026-04-09 23:24:31,328 - INFO - Wallet loaded: 0x86cE9823998f6F323151aA613e751156Dc1b9486
2026-04-09 23:24:31,340 - INFO - Wallet loaded: 0x86cE9823998f6F323151aA613e751156Dc1b9486
2026-04-09 23:24:31,644 - INFO - HTTP Request: POST https://clob.polymarket.com/auth/api-key "HTTP/2 400 Bad Request"
2026-04-09 23:24:31,660 - INFO - HTTP Request: POST https://clob.polymarket.com/auth/api-key "HTTP/2 400 Bad Request"
2026-04-09 23:24:31,661 - INFO - HTTP Request: POST https://clob.polymarket.com/auth/api-key "HTTP/2 400 Bad Request"
2026-04-09 23:24:31,913 - INFO - HTTP Request: GET https://clob.polymarket.com/auth/derive-api-key "HTTP/2 200 OK"
2026-04-09 23:24:31,917 - INFO - HTTP Request: GET https://clob.polymarket.com/auth/derive-api-key "HTTP/2 200 OK"
2026-04-09 23:24:31,926 - INFO - HTTP Request: GET https://clob.polymarket.com/auth/derive-api-key "HTTP/2 200 OK"
2026-04-09 23:24:32,120 - INFO - HTTP Request: GET https://clob.polymarket.com/balance-allowance?asset_type=COLLATERAL&signature_type=0 "HTTP/2 200 OK"
2026-04-09 23:24:32,123 - INFO - HTTP Request: GET https://clob.polymarket.com/balance-allowance?asset_type=COLLATERAL&signature_type=0 "HTTP/2 200 OK"
2026-04-09 23:24:32,324 - INFO - HTTP Request: GET https://clob.polymarket.com/balance-allowance?asset_type=COLLATERAL&signature_type=0 "HTTP/2 200 OK"
2026-04-09 23:24:32,328 - INFO - Wallet loaded: 0x86cE9823998f6F323151aA613e751156Dc1b9486
2026-04-09 23:24:32,438 - INFO - Wallet loaded: 0x86cE9823998f6F323151aA613e751156Dc1b9486
2026-04-09 23:24:37,764 - INFO - Wallet loaded: 0x86cE9823998f6F323151aA613e751156Dc1b9486
2026-04-09 23:24:41,326 - INFO - Wallet loaded: 0x86cE9823998f6F323151aA613e751156Dc1b9486
2026-04-09 23:24:41,329 - INFO - Wallet loaded: 0x86cE9823998f6F323151aA613e751156Dc1b9486
2026-04-09 23:24:41,335 - INFO - Wallet loaded: 0x86cE9823998f6F323151aA613e751156Dc1b9486
2026-04-09 23:24:41,338 - INFO - Wallet loaded: 0x86cE9823998f6F323151aA613e751156Dc1b9486
2026-04-09 23:24:41,357 - INFO - Wallet loaded: 0x86cE9823998f6F323151aA613e751156Dc1b9486
2026-04-09 23:24:41,641 - INFO - HTTP Request: POST https://clob.polymarket.com/auth/api-key "HTTP/2 400 Bad Request"
2026-04-09 23:24:41,655 - INFO - HTTP Request: POST https://clob.polymarket.com/auth/api-key "HTTP/2 400 Bad Request"
2026-04-09 23:24:41,662 - INFO - HTTP Request: POST https://clob.polymarket.com/auth/api-key "HTTP/2 400 Bad Request"
2026-04-09 23:24:41,895 - INFO - HTTP Request: GET https://clob.polymarket.com/auth/derive-api-key "HTTP/2 200 OK"
2026-04-09 23:24:41,922 - INFO - HTTP Request: GET https://clob.polymarket.com/auth/derive-api-key "HTTP/2 200 OK"
2026-04-09 23:24:41,926 - INFO - HTTP Request: GET https://clob.polymarket.com/auth/derive-api-key "HTTP/2 200 OK"
2026-04-09 23:24:42,137 - INFO - HTTP Request: GET https://clob.polymarket.com/balance-allowance?asset_type=COLLATERAL&signature_type=0 "HTTP/2 200 OK"
2026-04-09 23:24:42,361 - INFO - HTTP Request: GET https://clob.polymarket.com/balance-allowance?asset_type=COLLATERAL&signature_type=0 "HTTP/2 200 OK"
2026-04-09 23:24:42,362 - INFO - HTTP Request: GET https://clob.polymarket.com/balance-allowance?asset_type=COLLATERAL&signature_type=0 "HTTP/2 200 OK"
2026-04-09 23:24:42,367 - INFO - Wallet loaded: 0x86cE9823998f6F323151aA613e751156Dc1b9486
2026-04-09 23:24:42,499 - INFO - Wallet loaded: 0x86cE9823998f6F323151aA613e751156Dc1b9486
2026-04-09 23:24:46,203 - INFO - Wallet loaded: 0x86cE9823998f6F323151aA613e751156Dc1b9486
2026-04-09 23:24:51,342 - INFO - Wallet loaded: 0x86cE9823998f6F323151aA613e751156Dc1b9486
2026-04-09 23:24:51,348 - INFO - Wallet loaded: 0x86cE9823998f6F323151aA613e751156Dc1b9486
2026-04-09 23:24:51,351 - INFO - Wallet loaded: 0x86cE9823998f6F323151aA613e751156Dc1b9486
2026-04-09 23:24:51,355 - INFO - Wallet loaded: 0x86cE9823998f6F323151aA613e751156Dc1b9486
2026-04-09 23:24:51,380 - INFO - Wallet loaded: 0x86cE9823998f6F323151aA613e751156Dc1b9486
2026-04-09 23:24:51,687 - INFO - HTTP Request: POST https://clob.polymarket.com/auth/api-key "HTTP/2 400 Bad Request"
2026-04-09 23:24:51,708 - INFO - HTTP Request: POST https://clob.polymarket.com/auth/api-key "HTTP/2 400 Bad Request"
2026-04-09 23:24:51,807 - INFO - HTTP Request: POST https://clob.polymarket.com/auth/api-key "HTTP/2 400 Bad Request"
2026-04-09 23:24:52,012 - INFO - HTTP Request: GET https://clob.polymarket.com/auth/derive-api-key "HTTP/2 200 OK"
2026-04-09 23:24:52,014 - INFO - HTTP Request: GET https://clob.polymarket.com/auth/derive-api-key "HTTP/2 200 OK"
2026-04-09 23:24:52,230 - INFO - HTTP Request: GET https://clob.polymarket.com/balance-allowance?asset_type=COLLATERAL&signature_type=0 "HTTP/2 200 OK"
2026-04-09 23:24:52,231 - INFO - HTTP Request: GET https://clob.polymarket.com/auth/derive-api-key "HTTP/2 200 OK"
2026-04-09 23:24:52,232 - INFO - HTTP Request: GET https://clob.polymarket.com/balance-allowance?asset_type=COLLATERAL&signature_type=0 "HTTP/2 200 OK"
2026-04-09 23:24:52,434 - INFO - HTTP Request: GET https://clob.polymarket.com/balance-allowance?asset_type=COLLATERAL&signature_type=0 "HTTP/2 200 OK"
2026-04-09 23:24:52,438 - INFO - Wallet loaded: 0x86cE9823998f6F323151aA613e751156Dc1b9486
2026-04-09 23:24:52,532 - INFO - Wallet loaded: 0x86cE9823998f6F323151aA613e751156Dc1b9486
2026-04-09 23:25:02,308 - INFO - Wallet loaded: 0x86cE9823998f6F323151aA613e751156Dc1b9486
2026-04-09 23:25:02,315 - INFO - Wallet loaded: 0x86cE9823998f6F323151aA613e751156Dc1b9486
2026-04-09 23:25:02,320 - INFO - Wallet loaded: 0x86cE9823998f6F323151aA613e751156Dc1b9486
2026-04-09 23:25:02,331 - INFO - Wallet loaded: 0x86cE9823998f6F323151aA613e751156Dc1b9486
2026-04-09 23:25:02,342 - INFO - Wallet loaded: 0x86cE9823998f6F323151aA613e751156Dc1b9486
2026-04-09 23:25:02,607 - INFO - HTTP Request: POST https://clob.polymarket.com/auth/api-key "HTTP/2 400 Bad Request"
2026-04-09 23:25:02,621 - INFO - HTTP Request: POST https://clob.polymarket.com/auth/api-key "HTTP/2 400 Bad Request"
2026-04-09 23:25:02,834 - INFO - HTTP Request: GET https://clob.polymarket.com/auth/derive-api-key "HTTP/2 200 OK"
2026-04-09 23:25:02,834 - INFO - HTTP Request: POST https://clob.polymarket.com/auth/api-key "HTTP/2 400 Bad Request"
2026-04-09 23:25:02,845 - INFO - HTTP Request: GET https://clob.polymarket.com/auth/derive-api-key "HTTP/2 200 OK"
2026-04-09 23:25:03,048 - INFO - HTTP Request: GET https://clob.polymarket.com/auth/derive-api-key "HTTP/2 200 OK"
2026-04-09 23:25:03,050 - INFO - HTTP Request: GET https://clob.polymarket.com/balance-allowance?asset_type=COLLATERAL&signature_type=0 "HTTP/2 200 OK"
2026-04-09 23:25:03,053 - INFO - HTTP Request: GET https://clob.polymarket.com/balance-allowance?asset_type=COLLATERAL&signature_type=0 "HTTP/2 200 OK"
2026-04-09 23:25:03,059 - INFO - Wallet loaded: 0x86cE9823998f6F323151aA613e751156Dc1b9486
2026-04-09 23:25:03,157 - INFO - Wallet loaded: 0x86cE9823998f6F323151aA613e751156Dc1b9486
2026-04-09 23:25:03,343 - INFO - HTTP Request: GET https://clob.polymarket.com/balance-allowance?asset_type=COLLATERAL&signature_type=0 "HTTP/2 200 OK"
2026-04-09 23:25:12,315 - INFO - Wallet loaded: 0x86cE9823998f6F323151aA613e751156Dc1b9486
2026-04-09 23:25:12,320 - INFO - Wallet loaded: 0x86cE9823998f6F323151aA613e751156Dc1b9486
2026-04-09 23:25:12,332 - INFO - Wallet loaded: 0x86cE9823998f6F323151aA613e751156Dc1b9486
2026-04-09 23:25:12,335 - INFO - Wallet loaded: 0x86cE9823998f6F323151aA613e751156Dc1b9486
2026-04-09 23:25:12,342 - INFO - Wallet loaded: 0x86cE9823998f6F323151aA613e751156Dc1b9486
2026-04-09 23:25:12,627 - INFO - HTTP Request: POST https://clob.polymarket.com/auth/api-key "HTTP/2 400 Bad Request"
2026-04-09 23:25:12,770 - INFO - HTTP Request: POST https://clob.polymarket.com/auth/api-key "HTTP/2 400 Bad Request"
2026-04-09 23:25:12,771 - INFO - HTTP Request: POST https://clob.polymarket.com/auth/api-key "HTTP/2 400 Bad Request"
2026-04-09 23:25:12,850 - INFO - HTTP Request: GET https://clob.polymarket.com/auth/derive-api-key "HTTP/2 200 OK"
2026-04-09 23:25:13,074 - INFO - HTTP Request: GET https://clob.polymarket.com/auth/derive-api-key "HTTP/2 200 OK"
2026-04-09 23:25:13,314 - INFO - HTTP Request: GET https://clob.polymarket.com/auth/derive-api-key "HTTP/2 200 OK"
2026-04-09 23:25:13,314 - INFO - HTTP Request: GET https://clob.polymarket.com/balance-allowance?asset_type=COLLATERAL&signature_type=0 "HTTP/2 200 OK"
2026-04-09 23:25:13,319 - INFO - Wallet loaded: 0x86cE9823998f6F323151aA613e751156Dc1b9486
2026-04-09 23:25:13,328 - INFO - HTTP Request: GET https://clob.polymarket.com/balance-allowance?asset_type=COLLATERAL&signature_type=0 "HTTP/2 200 OK"
2026-04-09 23:25:13,531 - INFO - HTTP Request: GET https://clob.polymarket.com/balance-allowance?asset_type=COLLATERAL&signature_type=0 "HTTP/2 200 OK"
2026-04-09 23:25:13,628 - INFO - Wallet loaded: 0x86cE9823998f6F323151aA613e751156Dc1b9486
2026-04-09 23:25:21,004 - INFO - Wallet loaded: 0x86cE9823998f6F323151aA613e751156Dc1b9486
2026-04-09 23:25:21,008 - INFO - Wallet loaded: 0x86cE9823998f6F323151aA613e751156Dc1b9486
2026-04-09 23:25:21,012 - INFO - Wallet loaded: 0x86cE9823998f6F323151aA613e751156Dc1b9486
2026-04-09 23:25:21,018 - INFO - Wallet loaded: 0x86cE9823998f6F323151aA613e751156Dc1b9486
2026-04-09 23:25:21,018 - INFO - Wallet loaded: 0x86cE9823998f6F323151aA613e751156Dc1b9486
2026-04-09 23:25:21,491 - INFO - HTTP Request: POST https://clob.polymarket.com/auth/api-key "HTTP/2 400 Bad Request"
2026-04-09 23:25:21,610 - INFO - HTTP Request: POST https://clob.polymarket.com/auth/api-key "HTTP/2 400 Bad Request"
2026-04-09 23:25:21,636 - INFO - HTTP Request: POST https://clob.polymarket.com/auth/api-key "HTTP/2 400 Bad Request"
2026-04-09 23:25:21,832 - INFO - HTTP Request: GET https://clob.polymarket.com/auth/derive-api-key "HTTP/2 200 OK"
2026-04-09 23:25:21,842 - INFO - HTTP Request: GET https://clob.polymarket.com/auth/derive-api-key "HTTP/2 200 OK"
2026-04-09 23:25:22,056 - INFO - HTTP Request: GET https://clob.polymarket.com/auth/derive-api-key "HTTP/2 200 OK"
2026-04-09 23:25:22,073 - INFO - HTTP Request: GET https://clob.polymarket.com/balance-allowance?asset_type=COLLATERAL&signature_type=0 "HTTP/2 200 OK"
2026-04-09 23:25:22,074 - INFO - HTTP Request: GET https://clob.polymarket.com/balance-allowance?asset_type=COLLATERAL&signature_type=0 "HTTP/2 200 OK"
2026-04-09 23:25:22,077 - INFO - Wallet loaded: 0x86cE9823998f6F323151aA613e751156Dc1b9486
2026-04-09 23:25:22,322 - INFO - Wallet loaded: 0x86cE9823998f6F323151aA613e751156Dc1b9486
2026-04-09 23:25:22,417 - INFO - HTTP Request: GET https://clob.polymarket.com/balance-allowance?asset_type=COLLATERAL&signature_type=0 "HTTP/2 200 OK"
2026-04-09 23:25:32,310 - INFO - Wallet loaded: 0x86cE9823998f6F323151aA613e751156Dc1b9486
2026-04-09 23:25:32,317 - INFO - Wallet loaded: 0x86cE9823998f6F323151aA613e751156Dc1b9486
2026-04-09 23:25:32,320 - INFO - Wallet loaded: 0x86cE9823998f6F323151aA613e751156Dc1b9486
2026-04-09 23:25:32,344 - INFO - Wallet loaded: 0x86cE9823998f6F323151aA613e751156Dc1b9486
2026-04-09 23:25:32,349 - INFO - Wallet loaded: 0x86cE9823998f6F323151aA613e751156Dc1b9486
2026-04-09 23:25:32,727 - INFO - HTTP Request: POST https://clob.polymarket.com/auth/api-key "HTTP/2 400 Bad Request"
2026-04-09 23:25:32,734 - INFO - HTTP Request: POST https://clob.polymarket.com/auth/api-key "HTTP/2 400 Bad Request"
2026-04-09 23:25:32,736 - INFO - HTTP Request: POST https://clob.polymarket.com/auth/api-key "HTTP/2 400 Bad Request"
2026-04-09 23:25:32,948 - INFO - HTTP Request: GET https://clob.polymarket.com/auth/derive-api-key "HTTP/2 200 OK"
2026-04-09 23:25:32,965 - INFO - HTTP Request: GET https://clob.polymarket.com/auth/derive-api-key "HTTP/2 200 OK"
2026-04-09 23:25:33,177 - INFO - HTTP Request: GET https://clob.polymarket.com/auth/derive-api-key "HTTP/2 200 OK"
2026-04-09 23:25:33,179 - INFO - HTTP Request: GET https://clob.polymarket.com/balance-allowance?asset_type=COLLATERAL&signature_type=0 "HTTP/2 200 OK"
2026-04-09 23:25:33,392 - INFO - HTTP Request: GET https://clob.polymarket.com/balance-allowance?asset_type=COLLATERAL&signature_type=0 "HTTP/2 200 OK"
2026-04-09 23:25:33,539 - INFO - HTTP Request: GET https://clob.polymarket.com/balance-allowance?asset_type=COLLATERAL&signature_type=0 "HTTP/2 200 OK"
2026-04-09 23:25:33,543 - INFO - Wallet loaded: 0x86cE9823998f6F323151aA613e751156Dc1b9486
2026-04-09 23:25:33,647 - INFO - Wallet loaded: 0x86cE9823998f6F323151aA613e751156Dc1b9486
2026-04-09 23:25:42,321 - INFO - Wallet loaded: 0x86cE9823998f6F323151aA613e751156Dc1b9486
2026-04-09 23:25:42,325 - INFO - Wallet loaded: 0x86cE9823998f6F323151aA613e751156Dc1b9486
2026-04-09 23:25:42,331 - INFO - Wallet loaded: 0x86cE9823998f6F323151aA613e751156Dc1b9486
2026-04-09 23:25:42,334 - INFO - Wallet loaded: 0x86cE9823998f6F323151aA613e751156Dc1b9486
2026-04-09 23:25:42,360 - INFO - Wallet loaded: 0x86cE9823998f6F323151aA613e751156Dc1b9486
2026-04-09 23:25:42,619 - INFO - HTTP Request: POST https://clob.polymarket.com/auth/api-key "HTTP/2 400 Bad Request"
2026-04-09 23:25:42,655 - INFO - HTTP Request: POST https://clob.polymarket.com/auth/api-key "HTTP/2 400 Bad Request"
2026-04-09 23:25:42,675 - INFO - HTTP Request: POST https://clob.polymarket.com/auth/api-key "HTTP/2 400 Bad Request"
2026-04-09 23:25:42,871 - INFO - HTTP Request: GET https://clob.polymarket.com/auth/derive-api-key "HTTP/2 200 OK"
2026-04-09 23:25:42,880 - INFO - HTTP Request: GET https://clob.polymarket.com/auth/derive-api-key "HTTP/2 200 OK"
2026-04-09 23:25:43,198 - INFO - HTTP Request: GET https://clob.polymarket.com/auth/derive-api-key "HTTP/2 200 OK"
2026-04-09 23:25:43,220 - INFO - HTTP Request: GET https://clob.polymarket.com/balance-allowance?asset_type=COLLATERAL&signature_type=0 "HTTP/2 200 OK"
2026-04-09 23:25:43,482 - INFO - HTTP Request: GET https://clob.polymarket.com/balance-allowance?asset_type=COLLATERAL&signature_type=0 "HTTP/2 200 OK"
2026-04-09 23:25:43,482 - INFO - HTTP Request: GET https://clob.polymarket.com/balance-allowance?asset_type=COLLATERAL&signature_type=0 "HTTP/2 200 OK"
2026-04-09 23:25:43,486 - INFO - Wallet loaded: 0x86cE9823998f6F323151aA613e751156Dc1b9486
2026-04-09 23:25:43,602 - INFO - Wallet loaded: 0x86cE9823998f6F323151aA613e751156Dc1b9486
2026-04-09 23:25:52,307 - INFO - Wallet loaded: 0x86cE9823998f6F323151aA613e751156Dc1b9486
2026-04-09 23:25:52,311 - INFO - Wallet loaded: 0x86cE9823998f6F323151aA613e751156Dc1b9486
2026-04-09 23:25:52,314 - INFO - Wallet loaded: 0x86cE9823998f6F323151aA613e751156Dc1b9486
2026-04-09 23:25:52,317 - INFO - Wallet loaded: 0x86cE9823998f6F323151aA613e751156Dc1b9486
2026-04-09 23:25:52,320 - INFO - Wallet loaded: 0x86cE9823998f6F323151aA613e751156Dc1b9486
2026-04-09 23:25:52,639 - INFO - HTTP Request: POST https://clob.polymarket.com/auth/api-key "HTTP/2 400 Bad Request"
2026-04-09 23:25:52,656 - INFO - HTTP Request: POST https://clob.polymarket.com/auth/api-key "HTTP/2 400 Bad Request"
2026-04-09 23:25:52,657 - INFO - HTTP Request: POST https://clob.polymarket.com/auth/api-key "HTTP/2 400 Bad Request"
2026-04-09 23:25:52,895 - INFO - HTTP Request: GET https://clob.polymarket.com/auth/derive-api-key "HTTP/2 200 OK"
2026-04-09 23:25:52,896 - INFO - HTTP Request: GET https://clob.polymarket.com/auth/derive-api-key "HTTP/2 200 OK"
2026-04-09 23:25:53,122 - INFO - HTTP Request: GET https://clob.polymarket.com/balance-allowance?asset_type=COLLATERAL&signature_type=0 "HTTP/2 200 OK"
2026-04-09 23:25:53,122 - INFO - HTTP Request: GET https://clob.polymarket.com/auth/derive-api-key "HTTP/2 200 OK"
2026-04-09 23:25:53,127 - INFO - Wallet loaded: 0x86cE9823998f6F323151aA613e751156Dc1b9486
2026-04-09 23:25:53,278 - INFO - Wallet loaded: 0x86cE9823998f6F323151aA613e751156Dc1b9486
2026-04-09 23:25:53,319 - INFO - HTTP Request: GET https://clob.polymarket.com/balance-allowance?asset_type=COLLATERAL&signature_type=0 "HTTP/2 200 OK"
2026-04-09 23:25:53,322 - INFO - HTTP Request: GET https://clob.polymarket.com/balance-allowance?asset_type=COLLATERAL&signature_type=0 "HTTP/2 200 OK"
2026-04-09 23:25:58,733 - INFO - Wallet loaded: 0x86cE9823998f6F323151aA613e751156Dc1b9486
2026-04-09 23:26:02,310 - INFO - Wallet loaded: 0x86cE9823998f6F323151aA613e751156Dc1b9486
2026-04-09 23:26:02,317 - INFO - Wallet loaded: 0x86cE9823998f6F323151aA613e751156Dc1b9486
2026-04-09 23:26:02,321 - INFO - Wallet loaded: 0x86cE9823998f6F323151aA613e751156Dc1b9486
2026-04-09 23:26:02,324 - INFO - Wallet loaded: 0x86cE9823998f6F323151aA613e751156Dc1b9486
2026-04-09 23:26:02,360 - INFO - Wallet loaded: 0x86cE9823998f6F323151aA613e751156Dc1b9486
2026-04-09 23:26:04,671 - INFO - HTTP Request: POST https://clob.polymarket.com/auth/api-key "HTTP/2 400 Bad Request"
2026-04-09 23:26:05,323 - INFO - HTTP Request: POST https://clob.polymarket.com/auth/api-key "HTTP/2 400 Bad Request"
2026-04-09 23:26:05,413 - INFO - HTTP Request: POST https://clob.polymarket.com/auth/api-key "HTTP/2 400 Bad Request"
2026-04-09 23:26:05,556 - INFO - HTTP Request: GET https://clob.polymarket.com/auth/derive-api-key "HTTP/2 200 OK"
2026-04-09 23:26:07,309 - INFO - HTTP Request: GET https://clob.polymarket.com/auth/derive-api-key "HTTP/2 200 OK"
2026-04-09 23:26:07,312 - INFO - HTTP Request: GET https://clob.polymarket.com/auth/derive-api-key "HTTP/2 200 OK"
2026-04-09 23:26:07,312 - INFO - HTTP Request: GET https://clob.polymarket.com/balance-allowance?asset_type=COLLATERAL&signature_type=0 "HTTP/2 200 OK"
2026-04-09 23:26:08,109 - INFO - HTTP Request: GET https://clob.polymarket.com/balance-allowance?asset_type=COLLATERAL&signature_type=0 "HTTP/2 200 OK"
2026-04-09 23:26:08,414 - INFO - HTTP Request: GET https://clob.polymarket.com/balance-allowance?asset_type=COLLATERAL&signature_type=0 "HTTP/2 200 OK"
2026-04-09 23:26:08,433 - INFO - Wallet loaded: 0x86cE9823998f6F323151aA613e751156Dc1b9486
2026-04-09 23:26:12,312 - INFO - Wallet loaded: 0x86cE9823998f6F323151aA613e751156Dc1b9486
2026-04-09 23:26:12,316 - INFO - Wallet loaded: 0x86cE9823998f6F323151aA613e751156Dc1b9486
2026-04-09 23:26:12,323 - INFO - Wallet loaded: 0x86cE9823998f6F323151aA613e751156Dc1b9486
2026-04-09 23:26:12,324 - INFO - Wallet loaded: 0x86cE9823998f6F323151aA613e751156Dc1b9486
2026-04-09 23:26:12,328 - INFO - Wallet loaded: 0x86cE9823998f6F323151aA613e751156Dc1b9486
2026-04-09 23:26:13,882 - INFO - HTTP Request: POST https://clob.polymarket.com/auth/api-key "HTTP/2 400 Bad Request"
2026-04-09 23:26:13,885 - INFO - HTTP Request: POST https://clob.polymarket.com/auth/api-key "HTTP/2 400 Bad Request"
2026-04-09 23:26:13,891 - INFO - HTTP Request: POST https://clob.polymarket.com/auth/api-key "HTTP/2 400 Bad Request"
2026-04-09 23:26:13,903 - INFO - Wallet loaded: 0x86cE9823998f6F323151aA613e751156Dc1b9486
2026-04-09 23:26:14,670 - INFO - HTTP Request: GET https://clob.polymarket.com/auth/derive-api-key "HTTP/2 200 OK"
2026-04-09 23:26:14,681 - INFO - HTTP Request: GET https://clob.polymarket.com/auth/derive-api-key "HTTP/2 200 OK"
2026-04-09 23:26:16,038 - INFO - HTTP Request: GET https://clob.polymarket.com/balance-allowance?asset_type=COLLATERAL&signature_type=0 "HTTP/2 200 OK"
2026-04-09 23:26:16,039 - INFO - HTTP Request: GET https://clob.polymarket.com/balance-allowance?asset_type=COLLATERAL&signature_type=0 "HTTP/2 200 OK"
2026-04-09 23:26:16,043 - INFO - Wallet loaded: 0x86cE9823998f6F323151aA613e751156Dc1b9486
2026-04-09 23:26:16,084 - INFO - HTTP Request: GET https://clob.polymarket.com/auth/derive-api-key "HTTP/2 200 OK"
2026-04-09 23:26:16,469 - INFO - HTTP Request: GET https://clob.polymarket.com/balance-allowance?asset_type=COLLATERAL&signature_type=0 "HTTP/2 200 OK"
2026-04-09 23:26:17,598 - INFO - Wallet loaded: 0x86cE9823998f6F323151aA613e751156Dc1b9486
2026-04-09 23:26:47,660 - INFO - Wallet loaded: 0x86cE9823998f6F323151aA613e751156Dc1b9486
2026-04-09 23:26:47,665 - INFO - Wallet loaded: 0x86cE9823998f6F323151aA613e751156Dc1b9486
2026-04-09 23:26:47,669 - INFO - Wallet loaded: 0x86cE9823998f6F323151aA613e751156Dc1b9486
2026-04-09 23:26:47,681 - INFO - Wallet loaded: 0x86cE9823998f6F323151aA613e751156Dc1b9486
2026-04-09 23:26:47,684 - INFO - Wallet loaded: 0x86cE9823998f6F323151aA613e751156Dc1b9486
2026-04-09 23:26:47,687 - INFO - Wallet loaded: 0x86cE9823998f6F323151aA613e751156Dc1b9486
2026-04-09 23:26:47,848 - INFO - Wallet loaded: 0x86cE9823998f6F323151aA613e751156Dc1b9486
2026-04-09 23:26:47,851 - INFO - Wallet loaded: 0x86cE9823998f6F323151aA613e751156Dc1b9486
2026-04-09 23:26:47,984 - INFO - HTTP Request: POST https://clob.polymarket.com/auth/api-key "HTTP/2 400 Bad Request"
2026-04-09 23:26:48,009 - INFO - HTTP Request: POST https://clob.polymarket.com/auth/api-key "HTTP/2 400 Bad Request"
2026-04-09 23:26:48,016 - INFO - HTTP Request: POST https://clob.polymarket.com/auth/api-key "HTTP/2 400 Bad Request"
2026-04-09 23:26:48,017 - INFO - HTTP Request: POST https://clob.polymarket.com/auth/api-key "HTTP/2 400 Bad Request"
2026-04-09 23:26:48,073 - INFO - HTTP Request: POST https://clob.polymarket.com/auth/api-key "HTTP/2 400 Bad Request"
2026-04-09 23:26:48,089 - INFO - HTTP Request: POST https://clob.polymarket.com/auth/api-key "HTTP/2 400 Bad Request"
2026-04-09 23:26:48,219 - INFO - HTTP Request: GET https://clob.polymarket.com/auth/derive-api-key "HTTP/2 200 OK"
2026-04-09 23:26:48,227 - INFO - HTTP Request: GET https://clob.polymarket.com/auth/derive-api-key "HTTP/2 200 OK"
2026-04-09 23:26:48,227 - INFO - HTTP Request: GET https://clob.polymarket.com/auth/derive-api-key "HTTP/2 200 OK"
2026-04-09 23:26:48,296 - INFO - HTTP Request: GET https://clob.polymarket.com/auth/derive-api-key "HTTP/2 200 OK"
2026-04-09 23:26:48,298 - INFO - HTTP Request: GET https://clob.polymarket.com/auth/derive-api-key "HTTP/2 200 OK"
2026-04-09 23:26:48,309 - INFO - Wallet loaded: 0x86cE9823998f6F323151aA613e751156Dc1b9486
2026-04-09 23:26:48,312 - INFO - Wallet loaded: 0x86cE9823998f6F323151aA613e751156Dc1b9486
2026-04-09 23:26:48,557 - INFO - HTTP Request: GET https://clob.polymarket.com/balance-allowance?asset_type=COLLATERAL&signature_type=0 "HTTP/2 200 OK"
2026-04-09 23:26:48,560 - INFO - Wallet loaded: 0x86cE9823998f6F323151aA613e751156Dc1b9486
2026-04-09 23:26:48,736 - INFO - Wallet loaded: 0x86cE9823998f6F323151aA613e751156Dc1b9486
2026-04-09 23:26:51,952 - INFO - Wallet loaded: 0x86cE9823998f6F323151aA613e751156Dc1b9486
2026-04-09 23:26:51,955 - INFO - Wallet loaded: 0x86cE9823998f6F323151aA613e751156Dc1b9486
2026-04-09 23:26:51,958 - INFO - Wallet loaded: 0x86cE9823998f6F323151aA613e751156Dc1b9486
2026-04-09 23:26:51,955 - INFO - Wallet loaded: 0x86cE9823998f6F323151aA613e751156Dc1b9486
2026-04-09 23:26:51,959 - INFO - Wallet loaded: 0x86cE9823998f6F323151aA613e751156Dc1b9486
2026-04-09 23:26:51,959 - INFO - Wallet loaded: 0x86cE9823998f6F323151aA613e751156Dc1b9486
2026-04-09 23:26:51,959 - INFO - Wallet loaded: 0x86cE9823998f6F323151aA613e751156Dc1b9486
2026-04-09 23:26:51,959 - INFO - Wallet loaded: 0x86cE9823998f6F323151aA613e751156Dc1b9486
2026-04-09 23:26:51,962 - INFO - Wallet loaded: 0x86cE9823998f6F323151aA613e751156Dc1b9486
2026-04-09 23:26:51,965 - INFO - Wallet loaded: 0x86cE9823998f6F323151aA613e751156Dc1b9486
2026-04-09 23:26:54,250 - INFO - HTTP Request: POST https://clob.polymarket.com/auth/api-key "HTTP/2 400 Bad Request"
2026-04-09 23:26:54,282 - INFO - HTTP Request: POST https://clob.polymarket.com/auth/api-key "HTTP/2 400 Bad Request"
2026-04-09 23:26:54,283 - INFO - HTTP Request: POST https://clob.polymarket.com/auth/api-key "HTTP/2 400 Bad Request"
2026-04-09 23:26:54,284 - INFO - HTTP Request: POST https://clob.polymarket.com/auth/api-key "HTTP/2 400 Bad Request"
2026-04-09 23:26:54,296 - INFO - HTTP Request: POST https://clob.polymarket.com/auth/api-key "HTTP/2 400 Bad Request"
2026-04-09 23:26:54,302 - INFO - HTTP Request: POST https://clob.polymarket.com/auth/api-key "HTTP/2 400 Bad Request"
2026-04-09 23:26:54,486 - INFO - HTTP Request: GET https://clob.polymarket.com/auth/derive-api-key "HTTP/2 200 OK"
2026-04-09 23:26:54,506 - INFO - HTTP Request: GET https://clob.polymarket.com/auth/derive-api-key "HTTP/2 200 OK"
2026-04-09 23:26:54,513 - INFO - HTTP Request: GET https://clob.polymarket.com/auth/derive-api-key "HTTP/2 200 OK"
2026-04-09 23:26:54,528 - INFO - HTTP Request: GET https://clob.polymarket.com/auth/derive-api-key "HTTP/2 200 OK"
2026-04-09 23:26:54,528 - INFO - HTTP Request: GET https://clob.polymarket.com/auth/derive-api-key "HTTP/2 200 OK"
2026-04-09 23:26:54,689 - INFO - HTTP Request: GET https://clob.polymarket.com/auth/derive-api-key "HTTP/2 200 OK"
2026-04-09 23:26:54,702 - INFO - HTTP Request: GET https://clob.polymarket.com/balance-allowance?asset_type=COLLATERAL&signature_type=0 "HTTP/2 200 OK"
2026-04-09 23:26:54,704 - INFO - HTTP Request: GET https://clob.polymarket.com/balance-allowance?asset_type=COLLATERAL&signature_type=0 "HTTP/2 200 OK"
2026-04-09 23:26:54,708 - INFO - Wallet loaded: 0x86cE9823998f6F323151aA613e751156Dc1b9486
2026-04-09 23:26:54,738 - INFO - HTTP Request: GET https://clob.polymarket.com/balance-allowance?asset_type=COLLATERAL&signature_type=0 "HTTP/2 200 OK"
2026-04-09 23:26:54,742 - INFO - Wallet loaded: 0x86cE9823998f6F323151aA613e751156Dc1b9486
2026-04-09 23:26:54,837 - INFO - Wallet loaded: 0x86cE9823998f6F323151aA613e751156Dc1b9486
2026-04-09 23:26:54,856 - INFO - Wallet loaded: 0x86cE9823998f6F323151aA613e751156Dc1b9486
2026-04-09 23:26:54,895 - INFO - HTTP Request: GET https://clob.polymarket.com/balance-allowance?asset_type=COLLATERAL&signature_type=0 "HTTP/2 200 OK"
2026-04-09 23:26:54,895 - INFO - HTTP Request: GET https://clob.polymarket.com/balance-allowance?asset_type=COLLATERAL&signature_type=0 "HTTP/2 200 OK"
2026-04-09 23:26:54,898 - INFO - HTTP Request: GET https://clob.polymarket.com/balance-allowance?asset_type=COLLATERAL&signature_type=0 "HTTP/2 200 OK"
2026-04-09 23:27:02,327 - INFO - Wallet loaded: 0x86cE9823998f6F323151aA613e751156Dc1b9486
2026-04-09 23:27:02,331 - INFO - Wallet loaded: 0x86cE9823998f6F323151aA613e751156Dc1b9486
2026-04-09 23:27:02,334 - INFO - Wallet loaded: 0x86cE9823998f6F323151aA613e751156Dc1b9486
2026-04-09 23:27:02,338 - INFO - Wallet loaded: 0x86cE9823998f6F323151aA613e751156Dc1b9486
2026-04-09 23:27:02,341 - INFO - Wallet loaded: 0x86cE9823998f6F323151aA613e751156Dc1b9486
2026-04-09 23:27:04,808 - INFO - HTTP Request: POST https://clob.polymarket.com/auth/api-key "HTTP/2 400 Bad Request"
2026-04-09 23:27:04,811 - INFO - HTTP Request: POST https://clob.polymarket.com/auth/api-key "HTTP/2 400 Bad Request"
2026-04-09 23:27:04,811 - INFO - HTTP Request: POST https://clob.polymarket.com/auth/api-key "HTTP/2 400 Bad Request"
2026-04-09 23:27:05,279 - INFO - HTTP Request: GET https://clob.polymarket.com/auth/derive-api-key "HTTP/2 200 OK"
2026-04-09 23:27:05,281 - INFO - HTTP Request: GET https://clob.polymarket.com/auth/derive-api-key "HTTP/2 200 OK"
2026-04-09 23:27:05,282 - INFO - HTTP Request: GET https://clob.polymarket.com/auth/derive-api-key "HTTP/2 200 OK"
2026-04-09 23:27:05,566 - INFO - HTTP Request: GET https://clob.polymarket.com/balance-allowance?asset_type=COLLATERAL&signature_type=0 "HTTP/2 200 OK"
2026-04-09 23:27:05,566 - INFO - HTTP Request: GET https://clob.polymarket.com/balance-allowance?asset_type=COLLATERAL&signature_type=0 "HTTP/2 200 OK"
2026-04-09 23:27:05,570 - INFO - Wallet loaded: 0x86cE9823998f6F323151aA613e751156Dc1b9486
2026-04-09 23:27:05,578 - INFO - HTTP Request: GET https://clob.polymarket.com/balance-allowance?asset_type=COLLATERAL&signature_type=0 "HTTP/2 200 OK"
2026-04-09 23:27:06,304 - INFO - Wallet loaded: 0x86cE9823998f6F323151aA613e751156Dc1b9486
2026-04-09 23:27:08,756 - INFO - Wallet loaded: 0x86cE9823998f6F323151aA613e751156Dc1b9486
2026-04-09 23:27:08,756 - INFO - Wallet loaded: 0x86cE9823998f6F323151aA613e751156Dc1b9486
2026-04-09 23:27:08,757 - INFO - Wallet loaded: 0x86cE9823998f6F323151aA613e751156Dc1b9486
2026-04-09 23:27:08,757 - INFO - Wallet loaded: 0x86cE9823998f6F323151aA613e751156Dc1b9486
2026-04-09 23:27:08,757 - INFO - Wallet loaded: 0x86cE9823998f6F323151aA613e751156Dc1b9486
2026-04-09 23:27:09,187 - INFO - HTTP Request: POST https://clob.polymarket.com/auth/api-key "HTTP/2 400 Bad Request"
2026-04-09 23:27:09,221 - INFO - HTTP Request: POST https://clob.polymarket.com/auth/api-key "HTTP/2 400 Bad Request"
2026-04-09 23:27:09,251 - INFO - HTTP Request: POST https://clob.polymarket.com/auth/api-key "HTTP/2 400 Bad Request"
2026-04-09 23:27:09,461 - INFO - HTTP Request: GET https://clob.polymarket.com/auth/derive-api-key "HTTP/2 200 OK"
2026-04-09 23:27:09,472 - INFO - HTTP Request: GET https://clob.polymarket.com/auth/derive-api-key "HTTP/2 200 OK"
2026-04-09 23:27:09,475 - INFO - HTTP Request: GET https://clob.polymarket.com/auth/derive-api-key "HTTP/2 200 OK"
2026-04-09 23:27:09,677 - INFO - HTTP Request: GET https://clob.polymarket.com/balance-allowance?asset_type=COLLATERAL&signature_type=0 "HTTP/2 200 OK"
2026-04-09 23:27:09,680 - INFO - HTTP Request: GET https://clob.polymarket.com/balance-allowance?asset_type=COLLATERAL&signature_type=0 "HTTP/2 200 OK"
2026-04-09 23:27:09,687 - INFO - HTTP Request: GET https://clob.polymarket.com/balance-allowance?asset_type=COLLATERAL&signature_type=0 "HTTP/2 200 OK"
2026-04-09 23:27:09,691 - INFO - Wallet loaded: 0x86cE9823998f6F323151aA613e751156Dc1b9486
2026-04-09 23:27:09,963 - INFO - Wallet loaded: 0x86cE9823998f6F323151aA613e751156Dc1b9486
2026-04-09 23:27:18,322 - INFO - Wallet loaded: 0x86cE9823998f6F323151aA613e751156Dc1b9486
2026-04-09 23:27:18,325 - INFO - Wallet loaded: 0x86cE9823998f6F323151aA613e751156Dc1b9486
2026-04-09 23:27:18,329 - INFO - Wallet loaded: 0x86cE9823998f6F323151aA613e751156Dc1b9486
2026-04-09 23:27:18,332 - INFO - Wallet loaded: 0x86cE9823998f6F323151aA613e751156Dc1b9486
2026-04-09 23:27:18,336 - INFO - Wallet loaded: 0x86cE9823998f6F323151aA613e751156Dc1b9486
2026-04-09 23:27:18,615 - INFO - HTTP Request: POST https://clob.polymarket.com/auth/api-key "HTTP/2 400 Bad Request"
2026-04-09 23:27:18,656 - INFO - HTTP Request: POST https://clob.polymarket.com/auth/api-key "HTTP/2 400 Bad Request"
2026-04-09 23:27:18,661 - INFO - HTTP Request: POST https://clob.polymarket.com/auth/api-key "HTTP/2 400 Bad Request"
2026-04-09 23:27:18,875 - INFO - HTTP Request: GET https://clob.polymarket.com/auth/derive-api-key "HTTP/2 200 OK"
2026-04-09 23:27:18,883 - INFO - HTTP Request: GET https://clob.polymarket.com/auth/derive-api-key "HTTP/2 200 OK"
2026-04-09 23:27:18,907 - INFO - HTTP Request: GET https://clob.polymarket.com/auth/derive-api-key "HTTP/2 200 OK"
2026-04-09 23:27:19,111 - INFO - HTTP Request: GET https://clob.polymarket.com/balance-allowance?asset_type=COLLATERAL&signature_type=0 "HTTP/2 200 OK"
2026-04-09 23:27:19,135 - INFO - HTTP Request: GET https://clob.polymarket.com/balance-allowance?asset_type=COLLATERAL&signature_type=0 "HTTP/2 200 OK"
2026-04-09 23:27:19,135 - INFO - HTTP Request: GET https://clob.polymarket.com/balance-allowance?asset_type=COLLATERAL&signature_type=0 "HTTP/2 200 OK"
2026-04-09 23:27:19,139 - INFO - Wallet loaded: 0x86cE9823998f6F323151aA613e751156Dc1b9486
2026-04-09 23:27:19,244 - INFO - Wallet loaded: 0x86cE9823998f6F323151aA613e751156Dc1b9486
2026-04-09 23:27:28,328 - INFO - Wallet loaded: 0x86cE9823998f6F323151aA613e751156Dc1b9486
2026-04-09 23:27:28,332 - INFO - Wallet loaded: 0x86cE9823998f6F323151aA613e751156Dc1b9486
2026-04-09 23:27:28,346 - INFO - Wallet loaded: 0x86cE9823998f6F323151aA613e751156Dc1b9486
2026-04-09 23:27:28,359 - INFO - Wallet loaded: 0x86cE9823998f6F323151aA613e751156Dc1b9486
2026-04-09 23:27:28,362 - INFO - Wallet loaded: 0x86cE9823998f6F323151aA613e751156Dc1b9486
2026-04-09 23:27:28,703 - INFO - HTTP Request: POST https://clob.polymarket.com/auth/api-key "HTTP/2 400 Bad Request"
2026-04-09 23:27:28,735 - INFO - HTTP Request: POST https://clob.polymarket.com/auth/api-key "HTTP/2 400 Bad Request"
2026-04-09 23:27:28,756 - INFO - HTTP Request: POST https://clob.polymarket.com/auth/api-key "HTTP/2 400 Bad Request"
2026-04-09 23:27:28,939 - INFO - HTTP Request: GET https://clob.polymarket.com/auth/derive-api-key "HTTP/2 200 OK"
2026-04-09 23:27:28,958 - INFO - HTTP Request: GET https://clob.polymarket.com/auth/derive-api-key "HTTP/2 200 OK"
2026-04-09 23:27:29,157 - INFO - HTTP Request: GET https://clob.polymarket.com/balance-allowance?asset_type=COLLATERAL&signature_type=0 "HTTP/2 200 OK"
2026-04-09 23:27:29,171 - INFO - HTTP Request: GET https://clob.polymarket.com/auth/derive-api-key "HTTP/2 200 OK"
2026-04-09 23:27:29,374 - INFO - HTTP Request: GET https://clob.polymarket.com/balance-allowance?asset_type=COLLATERAL&signature_type=0 "HTTP/2 200 OK"
2026-04-09 23:27:29,647 - INFO - HTTP Request: GET https://clob.polymarket.com/balance-allowance?asset_type=COLLATERAL&signature_type=0 "HTTP/2 200 OK"
2026-04-09 23:27:29,652 - INFO - Wallet loaded: 0x86cE9823998f6F323151aA613e751156Dc1b9486
2026-04-09 23:27:29,770 - INFO - Wallet loaded: 0x86cE9823998f6F323151aA613e751156Dc1b9486
2026-04-09 23:27:38,322 - INFO - Wallet loaded: 0x86cE9823998f6F323151aA613e751156Dc1b9486
2026-04-09 23:27:38,330 - INFO - Wallet loaded: 0x86cE9823998f6F323151aA613e751156Dc1b9486
2026-04-09 23:27:38,334 - INFO - Wallet loaded: 0x86cE9823998f6F323151aA613e751156Dc1b9486
2026-04-09 23:27:38,338 - INFO - Wallet loaded: 0x86cE9823998f6F323151aA613e751156Dc1b9486
2026-04-09 23:27:38,351 - INFO - Wallet loaded: 0x86cE9823998f6F323151aA613e751156Dc1b9486
2026-04-09 23:27:38,822 - INFO - HTTP Request: POST https://clob.polymarket.com/auth/api-key "HTTP/2 400 Bad Request"
2026-04-09 23:27:38,823 - INFO - HTTP Request: POST https://clob.polymarket.com/auth/api-key "HTTP/2 400 Bad Request"
2026-04-09 23:27:38,832 - INFO - HTTP Request: POST https://clob.polymarket.com/auth/api-key "HTTP/2 400 Bad Request"
2026-04-09 23:27:39,058 - INFO - HTTP Request: GET https://clob.polymarket.com/auth/derive-api-key "HTTP/2 200 OK"
2026-04-09 23:27:39,060 - INFO - HTTP Request: GET https://clob.polymarket.com/auth/derive-api-key "HTTP/2 200 OK"
2026-04-09 23:27:39,282 - INFO - HTTP Request: GET https://clob.polymarket.com/balance-allowance?asset_type=COLLATERAL&signature_type=0 "HTTP/2 200 OK"
2026-04-09 23:27:39,287 - INFO - Wallet loaded: 0x86cE9823998f6F323151aA613e751156Dc1b9486
2026-04-09 23:27:39,288 - INFO - HTTP Request: GET https://clob.polymarket.com/auth/derive-api-key "HTTP/2 200 OK"
2026-04-09 23:27:39,289 - INFO - HTTP Request: GET https://clob.polymarket.com/balance-allowance?asset_type=COLLATERAL&signature_type=0 "HTTP/2 200 OK"
2026-04-09 23:27:39,445 - INFO - Wallet loaded: 0x86cE9823998f6F323151aA613e751156Dc1b9486
2026-04-09 23:27:39,580 - INFO - HTTP Request: GET https://clob.polymarket.com/balance-allowance?asset_type=COLLATERAL&signature_type=0 "HTTP/2 200 OK"
2026-04-09 23:27:48,196 - INFO - Wallet loaded: 0x86cE9823998f6F323151aA613e751156Dc1b9486
2026-04-09 23:27:48,200 - INFO - Wallet loaded: 0x86cE9823998f6F323151aA613e751156Dc1b9486
2026-04-09 23:27:48,205 - INFO - Wallet loaded: 0x86cE9823998f6F323151aA613e751156Dc1b9486
2026-04-09 23:27:48,209 - INFO - Wallet loaded: 0x86cE9823998f6F323151aA613e751156Dc1b9486
2026-04-09 23:27:48,234 - INFO - Wallet loaded: 0x86cE9823998f6F323151aA613e751156Dc1b9486
2026-04-09 23:27:48,519 - INFO - HTTP Request: POST https://clob.polymarket.com/auth/api-key "HTTP/2 400 Bad Request"
2026-04-09 23:27:48,537 - INFO - HTTP Request: POST https://clob.polymarket.com/auth/api-key "HTTP/2 400 Bad Request"
2026-04-09 23:27:48,538 - INFO - HTTP Request: POST https://clob.polymarket.com/auth/api-key "HTTP/2 400 Bad Request"
2026-04-09 23:27:48,745 - INFO - HTTP Request: GET https://clob.polymarket.com/auth/derive-api-key "HTTP/2 200 OK"
2026-04-09 23:27:48,756 - INFO - HTTP Request: GET https://clob.polymarket.com/auth/derive-api-key "HTTP/2 200 OK"
2026-04-09 23:27:48,759 - INFO - HTTP Request: GET https://clob.polymarket.com/auth/derive-api-key "HTTP/2 200 OK"
2026-04-09 23:27:49,010 - INFO - HTTP Request: GET https://clob.polymarket.com/balance-allowance?asset_type=COLLATERAL&signature_type=0 "HTTP/2 200 OK"
2026-04-09 23:27:49,011 - INFO - HTTP Request: GET https://clob.polymarket.com/balance-allowance?asset_type=COLLATERAL&signature_type=0 "HTTP/2 200 OK"
2026-04-09 23:27:49,011 - INFO - HTTP Request: GET https://clob.polymarket.com/balance-allowance?asset_type=COLLATERAL&signature_type=0 "HTTP/2 200 OK"
2026-04-09 23:27:49,016 - INFO - Wallet loaded: 0x86cE9823998f6F323151aA613e751156Dc1b9486
2026-04-09 23:27:49,120 - INFO - Wallet loaded: 0x86cE9823998f6F323151aA613e751156Dc1b9486
2026-04-09 23:27:53,197 - INFO - Wallet loaded: 0x86cE9823998f6F323151aA613e751156Dc1b9486
2026-04-09 23:27:58,309 - INFO - Wallet loaded: 0x86cE9823998f6F323151aA613e751156Dc1b9486
2026-04-09 23:27:58,314 - INFO - Wallet loaded: 0x86cE9823998f6F323151aA613e751156Dc1b9486
2026-04-09 23:27:58,320 - INFO - Wallet loaded: 0x86cE9823998f6F323151aA613e751156Dc1b9486
2026-04-09 23:27:58,324 - INFO - Wallet loaded: 0x86cE9823998f6F323151aA613e751156Dc1b9486
2026-04-09 23:27:58,333 - INFO - Wallet loaded: 0x86cE9823998f6F323151aA613e751156Dc1b9486
2026-04-09 23:27:58,707 - INFO - HTTP Request: POST https://clob.polymarket.com/auth/api-key "HTTP/2 400 Bad Request"
2026-04-09 23:27:58,740 - INFO - HTTP Request: POST https://clob.polymarket.com/auth/api-key "HTTP/2 400 Bad Request"
2026-04-09 23:27:58,745 - INFO - HTTP Request: POST https://clob.polymarket.com/auth/api-key "HTTP/2 400 Bad Request"
2026-04-09 23:27:58,937 - INFO - HTTP Request: GET https://clob.polymarket.com/auth/derive-api-key "HTTP/2 200 OK"
2026-04-09 23:27:58,975 - INFO - HTTP Request: GET https://clob.polymarket.com/auth/derive-api-key "HTTP/2 200 OK"
2026-04-09 23:27:59,162 - INFO - HTTP Request: GET https://clob.polymarket.com/balance-allowance?asset_type=COLLATERAL&signature_type=0 "HTTP/2 200 OK"
2026-04-09 23:27:59,163 - INFO - HTTP Request: GET https://clob.polymarket.com/auth/derive-api-key "HTTP/2 200 OK"
2026-04-09 23:27:59,494 - INFO - HTTP Request: GET https://clob.polymarket.com/balance-allowance?asset_type=COLLATERAL&signature_type=0 "HTTP/2 200 OK"
2026-04-09 23:27:59,496 - INFO - HTTP Request: GET https://clob.polymarket.com/balance-allowance?asset_type=COLLATERAL&signature_type=0 "HTTP/2 200 OK"
2026-04-09 23:27:59,501 - INFO - Wallet loaded: 0x86cE9823998f6F323151aA613e751156Dc1b9486
2026-04-09 23:27:59,599 - INFO - Wallet loaded: 0x86cE9823998f6F323151aA613e751156Dc1b9486
2026-04-09 23:28:09,312 - INFO - Wallet loaded: 0x86cE9823998f6F323151aA613e751156Dc1b9486
2026-04-09 23:28:09,316 - INFO - Wallet loaded: 0x86cE9823998f6F323151aA613e751156Dc1b9486
2026-04-09 23:28:09,323 - INFO - Wallet loaded: 0x86cE9823998f6F323151aA613e751156Dc1b9486
2026-04-09 23:28:09,326 - INFO - Wallet loaded: 0x86cE9823998f6F323151aA613e751156Dc1b9486
2026-04-09 23:28:09,336 - INFO - Wallet loaded: 0x86cE9823998f6F323151aA613e751156Dc1b9486
2026-04-09 23:28:10,164 - INFO - HTTP Request: POST https://clob.polymarket.com/auth/api-key "HTTP/2 400 Bad Request"
2026-04-09 23:28:10,624 - INFO - HTTP Request: POST https://clob.polymarket.com/auth/api-key "HTTP/2 400 Bad Request"
2026-04-09 23:28:10,631 - INFO - HTTP Request: POST https://clob.polymarket.com/auth/api-key "HTTP/2 400 Bad Request"
2026-04-09 23:28:10,850 - INFO - HTTP Request: GET https://clob.polymarket.com/auth/derive-api-key "HTTP/2 200 OK"
2026-04-09 23:28:10,857 - INFO - HTTP Request: GET https://clob.polymarket.com/auth/derive-api-key "HTTP/2 200 OK"
2026-04-09 23:28:10,971 - INFO - Wallet loaded: 0x86cE9823998f6F323151aA613e751156Dc1b9486
2026-04-09 23:28:11,732 - INFO - HTTP Request: GET https://clob.polymarket.com/auth/derive-api-key "HTTP/2 200 OK"
2026-04-09 23:28:11,734 - INFO - HTTP Request: GET https://clob.polymarket.com/balance-allowance?asset_type=COLLATERAL&signature_type=0 "HTTP/2 200 OK"
2026-04-09 23:28:11,746 - INFO - HTTP Request: GET https://clob.polymarket.com/balance-allowance?asset_type=COLLATERAL&signature_type=0 "HTTP/2 200 OK"
2026-04-09 23:28:12,386 - INFO - HTTP Request: GET https://clob.polymarket.com/balance-allowance?asset_type=COLLATERAL&signature_type=0 "HTTP/2 200 OK"
2026-04-09 23:28:12,389 - INFO - Wallet loaded: 0x86cE9823998f6F323151aA613e751156Dc1b9486
2026-04-09 23:28:14,378 - INFO - Wallet loaded: 0x86cE9823998f6F323151aA613e751156Dc1b9486
2026-04-09 23:28:19,338 - INFO - Wallet loaded: 0x86cE9823998f6F323151aA613e751156Dc1b9486
2026-04-09 23:28:19,339 - INFO - Wallet loaded: 0x86cE9823998f6F323151aA613e751156Dc1b9486
2026-04-09 23:28:19,347 - INFO - Wallet loaded: 0x86cE9823998f6F323151aA613e751156Dc1b9486
2026-04-09 23:28:19,356 - INFO - Wallet loaded: 0x86cE9823998f6F323151aA613e751156Dc1b9486
2026-04-09 23:28:19,366 - INFO - Wallet loaded: 0x86cE9823998f6F323151aA613e751156Dc1b9486
2026-04-09 23:28:19,704 - INFO - HTTP Request: POST https://clob.polymarket.com/auth/api-key "HTTP/2 400 Bad Request"
2026-04-09 23:28:19,747 - INFO - HTTP Request: POST https://clob.polymarket.com/auth/api-key "HTTP/2 400 Bad Request"
2026-04-09 23:28:19,748 - INFO - HTTP Request: POST https://clob.polymarket.com/auth/api-key "HTTP/2 400 Bad Request"
2026-04-09 23:28:19,956 - INFO - HTTP Request: GET https://clob.polymarket.com/auth/derive-api-key "HTTP/2 200 OK"
2026-04-09 23:28:19,967 - INFO - HTTP Request: GET https://clob.polymarket.com/auth/derive-api-key "HTTP/2 200 OK"
2026-04-09 23:28:20,164 - INFO - HTTP Request: GET https://clob.polymarket.com/balance-allowance?asset_type=COLLATERAL&signature_type=0 "HTTP/2 200 OK"
2026-04-09 23:28:20,165 - INFO - HTTP Request: GET https://clob.polymarket.com/auth/derive-api-key "HTTP/2 200 OK"
2026-04-09 23:28:20,375 - INFO - HTTP Request: GET https://clob.polymarket.com/balance-allowance?asset_type=COLLATERAL&signature_type=0 "HTTP/2 200 OK"
2026-04-09 23:28:20,380 - INFO - Wallet loaded: 0x86cE9823998f6F323151aA613e751156Dc1b9486
2026-04-09 23:28:20,462 - INFO - HTTP Request: GET https://clob.polymarket.com/balance-allowance?asset_type=COLLATERAL&signature_type=0 "HTTP/2 200 OK"
2026-04-09 23:28:20,560 - INFO - Wallet loaded: 0x86cE9823998f6F323151aA613e751156Dc1b9486
2026-04-09 23:28:29,314 - INFO - Wallet loaded: 0x86cE9823998f6F323151aA613e751156Dc1b9486
2026-04-09 23:28:29,317 - INFO - Wallet loaded: 0x86cE9823998f6F323151aA613e751156Dc1b9486
2026-04-09 23:28:29,324 - INFO - Wallet loaded: 0x86cE9823998f6F323151aA613e751156Dc1b9486
2026-04-09 23:28:29,337 - INFO - Wallet loaded: 0x86cE9823998f6F323151aA613e751156Dc1b9486
2026-04-09 23:28:29,340 - INFO - Wallet loaded: 0x86cE9823998f6F323151aA613e751156Dc1b9486
2026-04-09 23:28:29,622 - INFO - HTTP Request: POST https://clob.polymarket.com/auth/api-key "HTTP/2 400 Bad Request"
2026-04-09 23:28:29,662 - INFO - HTTP Request: POST https://clob.polymarket.com/auth/api-key "HTTP/2 400 Bad Request"
2026-04-09 23:28:29,670 - INFO - HTTP Request: POST https://clob.polymarket.com/auth/api-key "HTTP/2 400 Bad Request"
2026-04-09 23:28:29,944 - INFO - HTTP Request: GET https://clob.polymarket.com/auth/derive-api-key "HTTP/2 200 OK"
2026-04-09 23:28:29,946 - INFO - HTTP Request: GET https://clob.polymarket.com/auth/derive-api-key "HTTP/2 200 OK"
2026-04-09 23:28:30,146 - INFO - HTTP Request: GET https://clob.polymarket.com/balance-allowance?asset_type=COLLATERAL&signature_type=0 "HTTP/2 200 OK"
2026-04-09 23:28:30,171 - INFO - HTTP Request: GET https://clob.polymarket.com/auth/derive-api-key "HTTP/2 200 OK"
2026-04-09 23:28:30,379 - INFO - HTTP Request: GET https://clob.polymarket.com/balance-allowance?asset_type=COLLATERAL&signature_type=0 "HTTP/2 200 OK"
2026-04-09 23:28:30,384 - INFO - Wallet loaded: 0x86cE9823998f6F323151aA613e751156Dc1b9486
2026-04-09 23:28:30,511 - INFO - Wallet loaded: 0x86cE9823998f6F323151aA613e751156Dc1b9486
2026-04-09 23:28:30,533 - INFO - HTTP Request: GET https://clob.polymarket.com/balance-allowance?asset_type=COLLATERAL&signature_type=0 "HTTP/2 200 OK"
2026-04-09 23:28:39,309 - INFO - Wallet loaded: 0x86cE9823998f6F323151aA613e751156Dc1b9486
2026-04-09 23:28:39,312 - INFO - Wallet loaded: 0x86cE9823998f6F323151aA613e751156Dc1b9486
2026-04-09 23:28:39,314 - INFO - Wallet loaded: 0x86cE9823998f6F323151aA613e751156Dc1b9486
2026-04-09 23:28:39,320 - INFO - Wallet loaded: 0x86cE9823998f6F323151aA613e751156Dc1b9486
2026-04-09 23:28:39,330 - INFO - Wallet loaded: 0x86cE9823998f6F323151aA613e751156Dc1b9486
2026-04-09 23:28:39,602 - INFO - HTTP Request: POST https://clob.polymarket.com/auth/api-key "HTTP/2 400 Bad Request"
2026-04-09 23:28:39,629 - INFO - HTTP Request: POST https://clob.polymarket.com/auth/api-key "HTTP/2 400 Bad Request"
2026-04-09 23:28:39,630 - INFO - HTTP Request: POST https://clob.polymarket.com/auth/api-key "HTTP/2 400 Bad Request"
2026-04-09 23:28:39,840 - INFO - HTTP Request: GET https://clob.polymarket.com/auth/derive-api-key "HTTP/2 200 OK"
2026-04-09 23:28:39,871 - INFO - HTTP Request: GET https://clob.polymarket.com/auth/derive-api-key "HTTP/2 200 OK"
2026-04-09 23:28:40,086 - INFO - HTTP Request: GET https://clob.polymarket.com/balance-allowance?asset_type=COLLATERAL&signature_type=0 "HTTP/2 200 OK"
2026-04-09 23:28:40,088 - INFO - HTTP Request: GET https://clob.polymarket.com/auth/derive-api-key "HTTP/2 200 OK"
2026-04-09 23:28:40,388 - INFO - HTTP Request: GET https://clob.polymarket.com/balance-allowance?asset_type=COLLATERAL&signature_type=0 "HTTP/2 200 OK"
2026-04-09 23:28:40,388 - INFO - HTTP Request: GET https://clob.polymarket.com/balance-allowance?asset_type=COLLATERAL&signature_type=0 "HTTP/2 200 OK"
2026-04-09 23:28:40,395 - INFO - Wallet loaded: 0x86cE9823998f6F323151aA613e751156Dc1b9486
2026-04-09 23:28:40,539 - INFO - Wallet loaded: 0x86cE9823998f6F323151aA613e751156Dc1b9486
2026-04-09 23:29:12,323 - INFO - Wallet loaded: 0x86cE9823998f6F323151aA613e751156Dc1b9486
2026-04-09 23:29:12,327 - INFO - Wallet loaded: 0x86cE9823998f6F323151aA613e751156Dc1b9486
2026-04-09 23:29:12,330 - INFO - Wallet loaded: 0x86cE9823998f6F323151aA613e751156Dc1b9486
2026-04-09 23:29:12,334 - INFO - Wallet loaded: 0x86cE9823998f6F323151aA613e751156Dc1b9486
2026-04-09 23:29:12,341 - INFO - Wallet loaded: 0x86cE9823998f6F323151aA613e751156Dc1b9486
2026-04-09 23:29:12,628 - INFO - HTTP Request: POST https://clob.polymarket.com/auth/api-key "HTTP/2 400 Bad Request"
2026-04-09 23:29:12,652 - INFO - HTTP Request: POST https://clob.polymarket.com/auth/api-key "HTTP/2 400 Bad Request"
2026-04-09 23:29:12,669 - INFO - HTTP Request: POST https://clob.polymarket.com/auth/api-key "HTTP/2 400 Bad Request"
2026-04-09 23:29:12,894 - INFO - HTTP Request: GET https://clob.polymarket.com/auth/derive-api-key "HTTP/2 200 OK"
2026-04-09 23:29:12,895 - INFO - HTTP Request: GET https://clob.polymarket.com/auth/derive-api-key "HTTP/2 200 OK"
2026-04-09 23:29:12,897 - INFO - HTTP Request: GET https://clob.polymarket.com/auth/derive-api-key "HTTP/2 200 OK"
2026-04-09 23:29:13,096 - INFO - HTTP Request: GET https://clob.polymarket.com/balance-allowance?asset_type=COLLATERAL&signature_type=0 "HTTP/2 200 OK"
2026-04-09 23:29:13,099 - INFO - Wallet loaded: 0x86cE9823998f6F323151aA613e751156Dc1b9486
2026-04-09 23:29:13,099 - INFO - HTTP Request: GET https://clob.polymarket.com/balance-allowance?asset_type=COLLATERAL&signature_type=0 "HTTP/2 200 OK"
2026-04-09 23:29:13,100 - INFO - HTTP Request: GET https://clob.polymarket.com/balance-allowance?asset_type=COLLATERAL&signature_type=0 "HTTP/2 200 OK"
2026-04-09 23:29:13,215 - INFO - Wallet loaded: 0x86cE9823998f6F323151aA613e751156Dc1b9486
2026-04-09 23:29:24,267 - INFO - Wallet loaded: 0x86cE9823998f6F323151aA613e751156Dc1b9486
2026-04-09 23:29:24,771 - INFO - HTTP Request: POST https://clob.polymarket.com/auth/api-key "HTTP/2 400 Bad Request"
2026-04-09 23:29:24,984 - INFO - HTTP Request: GET https://clob.polymarket.com/auth/derive-api-key "HTTP/2 200 OK"
2026-04-09 23:29:25,192 - INFO - HTTP Request: GET https://clob.polymarket.com/balance-allowance?asset_type=COLLATERAL&signature_type=0 "HTTP/2 200 OK"
2026-04-09 23:29:34,146 - INFO - Wallet loaded: 0x86cE9823998f6F323151aA613e751156Dc1b9486
2026-04-09 23:29:34,155 - INFO - Wallet loaded: 0x86cE9823998f6F323151aA613e751156Dc1b9486
2026-04-09 23:29:34,158 - INFO - Wallet loaded: 0x86cE9823998f6F323151aA613e751156Dc1b9486
2026-04-09 23:29:34,168 - INFO - Wallet loaded: 0x86cE9823998f6F323151aA613e751156Dc1b9486
2026-04-09 23:29:34,195 - INFO - Wallet loaded: 0x86cE9823998f6F323151aA613e751156Dc1b9486
2026-04-09 23:29:34,475 - INFO - HTTP Request: POST https://clob.polymarket.com/auth/api-key "HTTP/2 400 Bad Request"
2026-04-09 23:29:34,482 - INFO - HTTP Request: POST https://clob.polymarket.com/auth/api-key "HTTP/2 400 Bad Request"
2026-04-09 23:29:34,702 - INFO - HTTP Request: GET https://clob.polymarket.com/auth/derive-api-key "HTTP/2 200 OK"
2026-04-09 23:29:34,947 - INFO - HTTP Request: GET https://clob.polymarket.com/auth/derive-api-key "HTTP/2 200 OK"
2026-04-09 23:29:34,952 - INFO - HTTP Request: GET https://clob.polymarket.com/balance-allowance?asset_type=COLLATERAL&signature_type=0 "HTTP/2 200 OK"
2026-04-09 23:29:35,015 - INFO - HTTP Request: POST https://clob.polymarket.com/auth/api-key "HTTP/2 400 Bad Request"
2026-04-09 23:29:35,099 - INFO - Wallet loaded: 0x86cE9823998f6F323151aA613e751156Dc1b9486
2026-04-09 23:29:35,107 - INFO - Wallet loaded: 0x86cE9823998f6F323151aA613e751156Dc1b9486
2026-04-09 23:29:35,121 - INFO - Wallet loaded: 0x86cE9823998f6F323151aA613e751156Dc1b9486
2026-04-09 23:29:35,126 - INFO - Wallet loaded: 0x86cE9823998f6F323151aA613e751156Dc1b9486
2026-04-09 23:29:35,149 - INFO - Wallet loaded: 0x86cE9823998f6F323151aA613e751156Dc1b9486
2026-04-09 23:29:35,221 - INFO - HTTP Request: GET https://clob.polymarket.com/auth/derive-api-key "HTTP/2 200 OK"
2026-04-09 23:29:35,324 - INFO - HTTP Request: GET https://clob.polymarket.com/balance-allowance?asset_type=COLLATERAL&signature_type=0 "HTTP/2 200 OK"
2026-04-09 23:29:35,341 - INFO - HTTP Request: POST https://clob.polymarket.com/auth/api-key "HTTP/2 400 Bad Request"
2026-04-09 23:29:35,345 - INFO - Wallet loaded: 0x86cE9823998f6F323151aA613e751156Dc1b9486
2026-04-09 23:29:35,347 - INFO - HTTP Request: POST https://clob.polymarket.com/auth/api-key "HTTP/2 400 Bad Request"
2026-04-09 23:29:35,355 - INFO - HTTP Request: POST https://clob.polymarket.com/auth/api-key "HTTP/2 400 Bad Request"
2026-04-09 23:29:35,418 - INFO - HTTP Request: GET https://clob.polymarket.com/balance-allowance?asset_type=COLLATERAL&signature_type=0 "HTTP/2 200 OK"
2026-04-09 23:29:35,468 - INFO - Wallet loaded: 0x86cE9823998f6F323151aA613e751156Dc1b9486
2026-04-09 23:29:35,548 - INFO - HTTP Request: GET https://clob.polymarket.com/auth/derive-api-key "HTTP/2 200 OK"
2026-04-09 23:29:35,567 - INFO - HTTP Request: GET https://clob.polymarket.com/auth/derive-api-key "HTTP/2 200 OK"
2026-04-09 23:29:35,636 - INFO - HTTP Request: GET https://clob.polymarket.com/auth/derive-api-key "HTTP/2 200 OK"
2026-04-09 23:29:35,765 - INFO - HTTP Request: GET https://clob.polymarket.com/balance-allowance?asset_type=COLLATERAL&signature_type=0 "HTTP/2 200 OK"
2026-04-09 23:29:35,770 - INFO - Wallet loaded: 0x86cE9823998f6F323151aA613e751156Dc1b9486
2026-04-09 23:29:35,857 - INFO - HTTP Request: GET https://clob.polymarket.com/balance-allowance?asset_type=COLLATERAL&signature_type=0 "HTTP/2 200 OK"
2026-04-09 23:29:35,973 - INFO - HTTP Request: GET https://clob.polymarket.com/balance-allowance?asset_type=COLLATERAL&signature_type=0 "HTTP/2 200 OK"
2026-04-09 23:29:35,978 - INFO - Wallet loaded: 0x86cE9823998f6F323151aA613e751156Dc1b9486
2026-04-09 23:29:45,317 - INFO - Wallet loaded: 0x86cE9823998f6F323151aA613e751156Dc1b9486
2026-04-09 23:29:45,322 - INFO - Wallet loaded: 0x86cE9823998f6F323151aA613e751156Dc1b9486
2026-04-09 23:29:45,325 - INFO - Wallet loaded: 0x86cE9823998f6F323151aA613e751156Dc1b9486
2026-04-09 23:29:45,328 - INFO - Wallet loaded: 0x86cE9823998f6F323151aA613e751156Dc1b9486
2026-04-09 23:29:45,332 - INFO - Wallet loaded: 0x86cE9823998f6F323151aA613e751156Dc1b9486
2026-04-09 23:29:45,661 - INFO - HTTP Request: POST https://clob.polymarket.com/auth/api-key "HTTP/2 400 Bad Request"
2026-04-09 23:29:45,680 - INFO - HTTP Request: POST https://clob.polymarket.com/auth/api-key "HTTP/2 400 Bad Request"
2026-04-09 23:29:45,681 - INFO - HTTP Request: POST https://clob.polymarket.com/auth/api-key "HTTP/2 400 Bad Request"
2026-04-09 23:29:45,900 - INFO - HTTP Request: GET https://clob.polymarket.com/auth/derive-api-key "HTTP/2 200 OK"
2026-04-09 23:29:45,932 - INFO - HTTP Request: GET https://clob.polymarket.com/auth/derive-api-key "HTTP/2 200 OK"
2026-04-09 23:29:46,157 - INFO - HTTP Request: GET https://clob.polymarket.com/balance-allowance?asset_type=COLLATERAL&signature_type=0 "HTTP/2 200 OK"
2026-04-09 23:29:46,158 - INFO - HTTP Request: GET https://clob.polymarket.com/auth/derive-api-key "HTTP/2 200 OK"
2026-04-09 23:29:46,159 - INFO - HTTP Request: GET https://clob.polymarket.com/balance-allowance?asset_type=COLLATERAL&signature_type=0 "HTTP/2 200 OK"
2026-04-09 23:29:46,163 - INFO - Wallet loaded: 0x86cE9823998f6F323151aA613e751156Dc1b9486
2026-04-09 23:29:46,266 - INFO - Wallet loaded: 0x86cE9823998f6F323151aA613e751156Dc1b9486
2026-04-09 23:29:46,457 - INFO - HTTP Request: GET https://clob.polymarket.com/balance-allowance?asset_type=COLLATERAL&signature_type=0 "HTTP/2 200 OK"
2026-04-09 23:29:55,323 - INFO - Wallet loaded: 0x86cE9823998f6F323151aA613e751156Dc1b9486
2026-04-09 23:29:55,328 - INFO - Wallet loaded: 0x86cE9823998f6F323151aA613e751156Dc1b9486
2026-04-09 23:29:55,332 - INFO - Wallet loaded: 0x86cE9823998f6F323151aA613e751156Dc1b9486
2026-04-09 23:29:55,336 - INFO - Wallet loaded: 0x86cE9823998f6F323151aA613e751156Dc1b9486
2026-04-09 23:29:55,339 - INFO - Wallet loaded: 0x86cE9823998f6F323151aA613e751156Dc1b9486
2026-04-09 23:29:55,678 - INFO - HTTP Request: POST https://clob.polymarket.com/auth/api-key "HTTP/2 400 Bad Request"
2026-04-09 23:29:55,681 - INFO - HTTP Request: POST https://clob.polymarket.com/auth/api-key "HTTP/2 400 Bad Request"
2026-04-09 23:29:55,682 - INFO - HTTP Request: POST https://clob.polymarket.com/auth/api-key "HTTP/2 400 Bad Request"
2026-04-09 23:29:55,908 - INFO - HTTP Request: GET https://clob.polymarket.com/auth/derive-api-key "HTTP/2 200 OK"
2026-04-09 23:29:55,909 - INFO - HTTP Request: GET https://clob.polymarket.com/auth/derive-api-key "HTTP/2 200 OK"
2026-04-09 23:29:56,110 - INFO - HTTP Request: GET https://clob.polymarket.com/balance-allowance?asset_type=COLLATERAL&signature_type=0 "HTTP/2 200 OK"
2026-04-09 23:29:56,110 - INFO - HTTP Request: GET https://clob.polymarket.com/auth/derive-api-key "HTTP/2 200 OK"
2026-04-09 23:29:56,117 - INFO - HTTP Request: GET https://clob.polymarket.com/balance-allowance?asset_type=COLLATERAL&signature_type=0 "HTTP/2 200 OK"
2026-04-09 23:29:56,120 - INFO - Wallet loaded: 0x86cE9823998f6F323151aA613e751156Dc1b9486
2026-04-09 23:29:56,252 - INFO - Wallet loaded: 0x86cE9823998f6F323151aA613e751156Dc1b9486
2026-04-09 23:29:56,339 - INFO - HTTP Request: GET https://clob.polymarket.com/balance-allowance?asset_type=COLLATERAL&signature_type=0 "HTTP/2 200 OK"
2026-04-09 23:30:05,312 - INFO - Wallet loaded: 0x86cE9823998f6F323151aA613e751156Dc1b9486
2026-04-09 23:30:05,316 - INFO - Wallet loaded: 0x86cE9823998f6F323151aA613e751156Dc1b9486
2026-04-09 23:30:05,320 - INFO - Wallet loaded: 0x86cE9823998f6F323151aA613e751156Dc1b9486
2026-04-09 23:30:05,323 - INFO - Wallet loaded: 0x86cE9823998f6F323151aA613e751156Dc1b9486
2026-04-09 23:30:05,327 - INFO - Wallet loaded: 0x86cE9823998f6F323151aA613e751156Dc1b9486
2026-04-09 23:30:05,890 - INFO - HTTP Request: POST https://clob.polymarket.com/auth/api-key "HTTP/2 400 Bad Request"
2026-04-09 23:30:05,890 - INFO - HTTP Request: POST https://clob.polymarket.com/auth/api-key "HTTP/2 400 Bad Request"
2026-04-09 23:30:05,921 - INFO - HTTP Request: POST https://clob.polymarket.com/auth/api-key "HTTP/2 400 Bad Request"
2026-04-09 23:30:06,129 - INFO - HTTP Request: GET https://clob.polymarket.com/auth/derive-api-key "HTTP/2 200 OK"
2026-04-09 23:30:06,372 - INFO - HTTP Request: GET https://clob.polymarket.com/auth/derive-api-key "HTTP/2 200 OK"
2026-04-09 23:30:06,374 - INFO - HTTP Request: GET https://clob.polymarket.com/auth/derive-api-key "HTTP/2 200 OK"
2026-04-09 23:30:06,586 - INFO - HTTP Request: GET https://clob.polymarket.com/balance-allowance?asset_type=COLLATERAL&signature_type=0 "HTTP/2 200 OK"
2026-04-09 23:30:06,587 - INFO - HTTP Request: GET https://clob.polymarket.com/balance-allowance?asset_type=COLLATERAL&signature_type=0 "HTTP/2 200 OK"
2026-04-09 23:30:06,590 - INFO - Wallet loaded: 0x86cE9823998f6F323151aA613e751156Dc1b9486
2026-04-09 23:30:06,650 - INFO - HTTP Request: GET https://clob.polymarket.com/balance-allowance?asset_type=COLLATERAL&signature_type=0 "HTTP/2 200 OK"
2026-04-09 23:30:06,702 - INFO - Wallet loaded: 0x86cE9823998f6F323151aA613e751156Dc1b9486
2026-04-09 23:30:15,322 - INFO - Wallet loaded: 0x86cE9823998f6F323151aA613e751156Dc1b9486
2026-04-09 23:30:15,325 - INFO - Wallet loaded: 0x86cE9823998f6F323151aA613e751156Dc1b9486
2026-04-09 23:30:15,331 - INFO - Wallet loaded: 0x86cE9823998f6F323151aA613e751156Dc1b9486
2026-04-09 23:30:15,334 - INFO - Wallet loaded: 0x86cE9823998f6F323151aA613e751156Dc1b9486
2026-04-09 23:30:15,338 - INFO - Wallet loaded: 0x86cE9823998f6F323151aA613e751156Dc1b9486
2026-04-09 23:30:15,830 - INFO - HTTP Request: POST https://clob.polymarket.com/auth/api-key "HTTP/2 400 Bad Request"
2026-04-09 23:30:15,855 - INFO - HTTP Request: POST https://clob.polymarket.com/auth/api-key "HTTP/2 400 Bad Request"
2026-04-09 23:30:15,864 - INFO - HTTP Request: POST https://clob.polymarket.com/auth/api-key "HTTP/2 400 Bad Request"
2026-04-09 23:30:16,853 - INFO - HTTP Request: GET https://clob.polymarket.com/auth/derive-api-key "HTTP/2 200 OK"
2026-04-09 23:30:16,858 - INFO - HTTP Request: GET https://clob.polymarket.com/auth/derive-api-key "HTTP/2 200 OK"
2026-04-09 23:30:17,058 - INFO - HTTP Request: GET https://clob.polymarket.com/balance-allowance?asset_type=COLLATERAL&signature_type=0 "HTTP/2 200 OK"
2026-04-09 23:30:17,081 - INFO - HTTP Request: GET https://clob.polymarket.com/balance-allowance?asset_type=COLLATERAL&signature_type=0 "HTTP/2 200 OK"
2026-04-09 23:30:17,082 - INFO - HTTP Request: GET https://clob.polymarket.com/auth/derive-api-key "HTTP/2 200 OK"
2026-04-09 23:30:17,299 - INFO - HTTP Request: GET https://clob.polymarket.com/balance-allowance?asset_type=COLLATERAL&signature_type=0 "HTTP/2 200 OK"
2026-04-09 23:30:17,302 - INFO - Wallet loaded: 0x86cE9823998f6F323151aA613e751156Dc1b9486
2026-04-09 23:30:17,430 - INFO - Wallet loaded: 0x86cE9823998f6F323151aA613e751156Dc1b9486
2026-04-09 23:30:23,415 - INFO - Wallet loaded: 0x86cE9823998f6F323151aA613e751156Dc1b9486
2026-04-09 23:30:25,325 - INFO - Wallet loaded: 0x86cE9823998f6F323151aA613e751156Dc1b9486
2026-04-09 23:30:25,329 - INFO - Wallet loaded: 0x86cE9823998f6F323151aA613e751156Dc1b9486
2026-04-09 23:30:25,343 - INFO - Wallet loaded: 0x86cE9823998f6F323151aA613e751156Dc1b9486
2026-04-09 23:30:25,346 - INFO - Wallet loaded: 0x86cE9823998f6F323151aA613e751156Dc1b9486
2026-04-09 23:30:25,348 - INFO - Wallet loaded: 0x86cE9823998f6F323151aA613e751156Dc1b9486
2026-04-09 23:30:25,706 - INFO - HTTP Request: POST https://clob.polymarket.com/auth/api-key "HTTP/2 400 Bad Request"
2026-04-09 23:30:25,737 - INFO - HTTP Request: POST https://clob.polymarket.com/auth/api-key "HTTP/2 400 Bad Request"
2026-04-09 23:30:25,745 - INFO - HTTP Request: POST https://clob.polymarket.com/auth/api-key "HTTP/2 400 Bad Request"
2026-04-09 23:30:25,951 - INFO - HTTP Request: GET https://clob.polymarket.com/auth/derive-api-key "HTTP/2 200 OK"
2026-04-09 23:30:25,977 - INFO - HTTP Request: GET https://clob.polymarket.com/auth/derive-api-key "HTTP/2 200 OK"
2026-04-09 23:30:25,979 - INFO - HTTP Request: GET https://clob.polymarket.com/auth/derive-api-key "HTTP/2 200 OK"
2026-04-09 23:30:26,174 - INFO - HTTP Request: GET https://clob.polymarket.com/balance-allowance?asset_type=COLLATERAL&signature_type=0 "HTTP/2 200 OK"
2026-04-09 23:30:26,183 - INFO - HTTP Request: GET https://clob.polymarket.com/balance-allowance?asset_type=COLLATERAL&signature_type=0 "HTTP/2 200 OK"
2026-04-09 23:30:26,186 - INFO - Wallet loaded: 0x86cE9823998f6F323151aA613e751156Dc1b9486
2026-04-09 23:30:26,195 - INFO - HTTP Request: GET https://clob.polymarket.com/balance-allowance?asset_type=COLLATERAL&signature_type=0 "HTTP/2 200 OK"
2026-04-09 23:30:26,416 - INFO - Wallet loaded: 0x86cE9823998f6F323151aA613e751156Dc1b9486
2026-04-09 23:30:36,311 - INFO - Wallet loaded: 0x86cE9823998f6F323151aA613e751156Dc1b9486
2026-04-09 23:30:36,316 - INFO - Wallet loaded: 0x86cE9823998f6F323151aA613e751156Dc1b9486
2026-04-09 23:30:36,320 - INFO - Wallet loaded: 0x86cE9823998f6F323151aA613e751156Dc1b9486
2026-04-09 23:30:36,322 - INFO - Wallet loaded: 0x86cE9823998f6F323151aA613e751156Dc1b9486
2026-04-09 23:30:36,325 - INFO - Wallet loaded: 0x86cE9823998f6F323151aA613e751156Dc1b9486
2026-04-09 23:30:36,593 - INFO - HTTP Request: POST https://clob.polymarket.com/auth/api-key "HTTP/2 400 Bad Request"
2026-04-09 23:30:36,784 - INFO - HTTP Request: POST https://clob.polymarket.com/auth/api-key "HTTP/2 400 Bad Request"
2026-04-09 23:30:36,786 - INFO - HTTP Request: POST https://clob.polymarket.com/auth/api-key "HTTP/2 400 Bad Request"
2026-04-09 23:30:37,003 - INFO - HTTP Request: GET https://clob.polymarket.com/auth/derive-api-key "HTTP/2 200 OK"
2026-04-09 23:30:37,069 - INFO - HTTP Request: GET https://clob.polymarket.com/auth/derive-api-key "HTTP/2 200 OK"
2026-04-09 23:30:37,070 - INFO - HTTP Request: GET https://clob.polymarket.com/auth/derive-api-key "HTTP/2 200 OK"
2026-04-09 23:30:37,214 - INFO - HTTP Request: GET https://clob.polymarket.com/balance-allowance?asset_type=COLLATERAL&signature_type=0 "HTTP/2 200 OK"
2026-04-09 23:30:37,218 - INFO - Wallet loaded: 0x86cE9823998f6F323151aA613e751156Dc1b9486
2026-04-09 23:30:37,275 - INFO - HTTP Request: GET https://clob.polymarket.com/balance-allowance?asset_type=COLLATERAL&signature_type=0 "HTTP/2 200 OK"
2026-04-09 23:30:37,275 - INFO - HTTP Request: GET https://clob.polymarket.com/balance-allowance?asset_type=COLLATERAL&signature_type=0 "HTTP/2 200 OK"
2026-04-09 23:30:37,331 - INFO - Wallet loaded: 0x86cE9823998f6F323151aA613e751156Dc1b9486
2026-04-09 23:30:45,094 - INFO - Wallet loaded: 0x86cE9823998f6F323151aA613e751156Dc1b9486
2026-04-09 23:30:45,094 - INFO - Wallet loaded: 0x86cE9823998f6F323151aA613e751156Dc1b9486
2026-04-09 23:30:45,098 - INFO - Wallet loaded: 0x86cE9823998f6F323151aA613e751156Dc1b9486
2026-04-09 23:30:45,107 - INFO - Wallet loaded: 0x86cE9823998f6F323151aA613e751156Dc1b9486
2026-04-09 23:30:45,130 - INFO - Wallet loaded: 0x86cE9823998f6F323151aA613e751156Dc1b9486
2026-04-09 23:30:46,016 - INFO - HTTP Request: POST https://clob.polymarket.com/auth/api-key "HTTP/2 400 Bad Request"
2026-04-09 23:30:46,268 - INFO - HTTP Request: POST https://clob.polymarket.com/auth/api-key "HTTP/2 400 Bad Request"
2026-04-09 23:30:46,280 - INFO - HTTP Request: POST https://clob.polymarket.com/auth/api-key "HTTP/2 400 Bad Request"
2026-04-09 23:30:47,269 - INFO - HTTP Request: GET https://clob.polymarket.com/auth/derive-api-key "HTTP/2 200 OK"
2026-04-09 23:30:47,271 - INFO - HTTP Request: GET https://clob.polymarket.com/auth/derive-api-key "HTTP/2 200 OK"
2026-04-09 23:30:47,491 - INFO - HTTP Request: GET https://clob.polymarket.com/balance-allowance?asset_type=COLLATERAL&signature_type=0 "HTTP/2 200 OK"
2026-04-09 23:30:47,493 - INFO - HTTP Request: GET https://clob.polymarket.com/balance-allowance?asset_type=COLLATERAL&signature_type=0 "HTTP/2 200 OK"
2026-04-09 23:30:47,519 - INFO - HTTP Request: GET https://clob.polymarket.com/auth/derive-api-key "HTTP/2 200 OK"
2026-04-09 23:30:47,742 - INFO - HTTP Request: GET https://clob.polymarket.com/balance-allowance?asset_type=COLLATERAL&signature_type=0 "HTTP/2 200 OK"
2026-04-09 23:30:47,745 - INFO - Wallet loaded: 0x86cE9823998f6F323151aA613e751156Dc1b9486
2026-04-09 23:30:47,850 - INFO - Wallet loaded: 0x86cE9823998f6F323151aA613e751156Dc1b9486
2026-04-09 23:30:56,309 - INFO - Wallet loaded: 0x86cE9823998f6F323151aA613e751156Dc1b9486
2026-04-09 23:30:56,312 - INFO - Wallet loaded: 0x86cE9823998f6F323151aA613e751156Dc1b9486
2026-04-09 23:30:56,315 - INFO - Wallet loaded: 0x86cE9823998f6F323151aA613e751156Dc1b9486
2026-04-09 23:30:56,330 - INFO - Wallet loaded: 0x86cE9823998f6F323151aA613e751156Dc1b9486
2026-04-09 23:30:56,343 - INFO - Wallet loaded: 0x86cE9823998f6F323151aA613e751156Dc1b9486
2026-04-09 23:30:56,590 - INFO - HTTP Request: POST https://clob.polymarket.com/auth/api-key "HTTP/2 400 Bad Request"
2026-04-09 23:30:56,611 - INFO - HTTP Request: POST https://clob.polymarket.com/auth/api-key "HTTP/2 400 Bad Request"
2026-04-09 23:30:56,699 - INFO - HTTP Request: POST https://clob.polymarket.com/auth/api-key "HTTP/2 400 Bad Request"
2026-04-09 23:30:56,928 - INFO - HTTP Request: GET https://clob.polymarket.com/auth/derive-api-key "HTTP/2 200 OK"
2026-04-09 23:30:57,129 - INFO - HTTP Request: GET https://clob.polymarket.com/balance-allowance?asset_type=COLLATERAL&signature_type=0 "HTTP/2 200 OK"
2026-04-09 23:30:57,138 - INFO - HTTP Request: GET https://clob.polymarket.com/auth/derive-api-key "HTTP/2 200 OK"
2026-04-09 23:30:57,151 - INFO - HTTP Request: GET https://clob.polymarket.com/auth/derive-api-key "HTTP/2 200 OK"
2026-04-09 23:30:57,383 - INFO - HTTP Request: GET https://clob.polymarket.com/balance-allowance?asset_type=COLLATERAL&signature_type=0 "HTTP/2 200 OK"
2026-04-09 23:30:57,389 - INFO - HTTP Request: GET https://clob.polymarket.com/balance-allowance?asset_type=COLLATERAL&signature_type=0 "HTTP/2 200 OK"
2026-04-09 23:30:57,392 - INFO - Wallet loaded: 0x86cE9823998f6F323151aA613e751156Dc1b9486
2026-04-09 23:30:57,522 - INFO - Wallet loaded: 0x86cE9823998f6F323151aA613e751156Dc1b9486
2026-04-09 23:31:05,076 - INFO - Wallet loaded: 0x86cE9823998f6F323151aA613e751156Dc1b9486
2026-04-09 23:31:05,089 - INFO - Wallet loaded: 0x86cE9823998f6F323151aA613e751156Dc1b9486
2026-04-09 23:31:05,093 - INFO - Wallet loaded: 0x86cE9823998f6F323151aA613e751156Dc1b9486
2026-04-09 23:31:05,114 - INFO - Wallet loaded: 0x86cE9823998f6F323151aA613e751156Dc1b9486
2026-04-09 23:31:05,122 - INFO - Wallet loaded: 0x86cE9823998f6F323151aA613e751156Dc1b9486
2026-04-09 23:31:05,377 - INFO - HTTP Request: POST https://clob.polymarket.com/auth/api-key "HTTP/2 400 Bad Request"
2026-04-09 23:31:05,430 - INFO - HTTP Request: POST https://clob.polymarket.com/auth/api-key "HTTP/2 400 Bad Request"
2026-04-09 23:31:05,431 - INFO - HTTP Request: POST https://clob.polymarket.com/auth/api-key "HTTP/2 400 Bad Request"
2026-04-09 23:31:05,652 - INFO - HTTP Request: GET https://clob.polymarket.com/auth/derive-api-key "HTTP/2 200 OK"
2026-04-09 23:31:05,656 - INFO - HTTP Request: GET https://clob.polymarket.com/auth/derive-api-key "HTTP/2 200 OK"
2026-04-09 23:31:05,867 - INFO - HTTP Request: GET https://clob.polymarket.com/balance-allowance?asset_type=COLLATERAL&signature_type=0 "HTTP/2 200 OK"
2026-04-09 23:31:05,872 - INFO - HTTP Request: GET https://clob.polymarket.com/auth/derive-api-key "HTTP/2 200 OK"
2026-04-09 23:31:05,875 - INFO - Wallet loaded: 0x86cE9823998f6F323151aA613e751156Dc1b9486
2026-04-09 23:31:05,883 - INFO - Wallet loaded: 0x86cE9823998f6F323151aA613e751156Dc1b9486
2026-04-09 23:31:05,894 - INFO - Wallet loaded: 0x86cE9823998f6F323151aA613e751156Dc1b9486
2026-04-09 23:31:05,904 - INFO - Wallet loaded: 0x86cE9823998f6F323151aA613e751156Dc1b9486
2026-04-09 23:31:05,950 - INFO - Wallet loaded: 0x86cE9823998f6F323151aA613e751156Dc1b9486
2026-04-09 23:31:05,950 - INFO - HTTP Request: GET https://clob.polymarket.com/balance-allowance?asset_type=COLLATERAL&signature_type=0 "HTTP/2 200 OK"
2026-04-09 23:31:05,962 - INFO - Wallet loaded: 0x86cE9823998f6F323151aA613e751156Dc1b9486
2026-04-09 23:31:06,150 - INFO - Wallet loaded: 0x86cE9823998f6F323151aA613e751156Dc1b9486
2026-04-09 23:31:06,151 - INFO - HTTP Request: GET https://clob.polymarket.com/balance-allowance?asset_type=COLLATERAL&signature_type=0 "HTTP/2 200 OK"
2026-04-09 23:31:06,151 - INFO - HTTP Request: POST https://clob.polymarket.com/auth/api-key "HTTP/2 400 Bad Request"
2026-04-09 23:31:06,161 - INFO - HTTP Request: POST https://clob.polymarket.com/auth/api-key "HTTP/2 400 Bad Request"
2026-04-09 23:31:06,163 - INFO - HTTP Request: POST https://clob.polymarket.com/auth/api-key "HTTP/2 400 Bad Request"
2026-04-09 23:31:06,374 - INFO - HTTP Request: GET https://clob.polymarket.com/auth/derive-api-key "HTTP/2 200 OK"
2026-04-09 23:31:06,382 - INFO - HTTP Request: GET https://clob.polymarket.com/auth/derive-api-key "HTTP/2 200 OK"
2026-04-09 23:31:06,460 - INFO - HTTP Request: GET https://clob.polymarket.com/auth/derive-api-key "HTTP/2 200 OK"
2026-04-09 23:31:06,593 - INFO - HTTP Request: GET https://clob.polymarket.com/balance-allowance?asset_type=COLLATERAL&signature_type=0 "HTTP/2 200 OK"
2026-04-09 23:31:06,662 - INFO - HTTP Request: GET https://clob.polymarket.com/balance-allowance?asset_type=COLLATERAL&signature_type=0 "HTTP/2 200 OK"
2026-04-09 23:31:06,797 - INFO - HTTP Request: GET https://clob.polymarket.com/balance-allowance?asset_type=COLLATERAL&signature_type=0 "HTTP/2 200 OK"
2026-04-09 23:31:06,800 - INFO - Wallet loaded: 0x86cE9823998f6F323151aA613e751156Dc1b9486
2026-04-09 23:31:06,917 - INFO - Wallet loaded: 0x86cE9823998f6F323151aA613e751156Dc1b9486
2026-04-09 23:31:16,317 - INFO - Wallet loaded: 0x86cE9823998f6F323151aA613e751156Dc1b9486
2026-04-09 23:31:16,321 - INFO - Wallet loaded: 0x86cE9823998f6F323151aA613e751156Dc1b9486
2026-04-09 23:31:16,327 - INFO - Wallet loaded: 0x86cE9823998f6F323151aA613e751156Dc1b9486
2026-04-09 23:31:16,331 - INFO - Wallet loaded: 0x86cE9823998f6F323151aA613e751156Dc1b9486
2026-04-09 23:31:16,340 - INFO - Wallet loaded: 0x86cE9823998f6F323151aA613e751156Dc1b9486
2026-04-09 23:31:17,675 - INFO - HTTP Request: POST https://clob.polymarket.com/auth/api-key "HTTP/2 400 Bad Request"
2026-04-09 23:31:18,769 - INFO - HTTP Request: POST https://clob.polymarket.com/auth/api-key "HTTP/2 400 Bad Request"
2026-04-09 23:31:18,773 - INFO - HTTP Request: POST https://clob.polymarket.com/auth/api-key "HTTP/2 400 Bad Request"
2026-04-09 23:31:19,030 - INFO - HTTP Request: GET https://clob.polymarket.com/auth/derive-api-key "HTTP/2 200 OK"
2026-04-09 23:31:19,034 - INFO - HTTP Request: GET https://clob.polymarket.com/auth/derive-api-key "HTTP/2 200 OK"
2026-04-09 23:31:19,062 - INFO - HTTP Request: GET https://clob.polymarket.com/auth/derive-api-key "HTTP/2 200 OK"
2026-04-09 23:31:19,246 - INFO - HTTP Request: GET https://clob.polymarket.com/balance-allowance?asset_type=COLLATERAL&signature_type=0 "HTTP/2 200 OK"
2026-04-09 23:31:19,270 - INFO - HTTP Request: GET https://clob.polymarket.com/balance-allowance?asset_type=COLLATERAL&signature_type=0 "HTTP/2 200 OK"
2026-04-09 23:31:19,449 - INFO - HTTP Request: GET https://clob.polymarket.com/balance-allowance?asset_type=COLLATERAL&signature_type=0 "HTTP/2 200 OK"
2026-04-09 23:31:19,452 - INFO - Wallet loaded: 0x86cE9823998f6F323151aA613e751156Dc1b9486
2026-04-09 23:31:19,572 - INFO - Wallet loaded: 0x86cE9823998f6F323151aA613e751156Dc1b9486
2026-04-09 23:31:26,312 - INFO - Wallet loaded: 0x86cE9823998f6F323151aA613e751156Dc1b9486
2026-04-09 23:31:26,316 - INFO - Wallet loaded: 0x86cE9823998f6F323151aA613e751156Dc1b9486
2026-04-09 23:31:26,319 - INFO - Wallet loaded: 0x86cE9823998f6F323151aA613e751156Dc1b9486
2026-04-09 23:31:26,328 - INFO - Wallet loaded: 0x86cE9823998f6F323151aA613e751156Dc1b9486
2026-04-09 23:31:26,334 - INFO - Wallet loaded: 0x86cE9823998f6F323151aA613e751156Dc1b9486
2026-04-09 23:31:26,643 - INFO - HTTP Request: POST https://clob.polymarket.com/auth/api-key "HTTP/2 400 Bad Request"
2026-04-09 23:31:26,650 - INFO - HTTP Request: POST https://clob.polymarket.com/auth/api-key "HTTP/2 400 Bad Request"
2026-04-09 23:31:26,663 - INFO - HTTP Request: POST https://clob.polymarket.com/auth/api-key "HTTP/2 400 Bad Request"
2026-04-09 23:31:26,868 - INFO - HTTP Request: GET https://clob.polymarket.com/auth/derive-api-key "HTTP/2 200 OK"
2026-04-09 23:31:26,869 - INFO - HTTP Request: GET https://clob.polymarket.com/auth/derive-api-key "HTTP/2 200 OK"
2026-04-09 23:31:27,111 - INFO - HTTP Request: GET https://clob.polymarket.com/balance-allowance?asset_type=COLLATERAL&signature_type=0 "HTTP/2 200 OK"
2026-04-09 23:31:27,112 - INFO - HTTP Request: GET https://clob.polymarket.com/balance-allowance?asset_type=COLLATERAL&signature_type=0 "HTTP/2 200 OK"
2026-04-09 23:31:27,113 - INFO - HTTP Request: GET https://clob.polymarket.com/auth/derive-api-key "HTTP/2 200 OK"
2026-04-09 23:31:27,117 - INFO - Wallet loaded: 0x86cE9823998f6F323151aA613e751156Dc1b9486
2026-04-09 23:31:27,267 - INFO - Wallet loaded: 0x86cE9823998f6F323151aA613e751156Dc1b9486
2026-04-09 23:31:27,328 - INFO - HTTP Request: GET https://clob.polymarket.com/balance-allowance?asset_type=COLLATERAL&signature_type=0 "HTTP/2 200 OK"
2026-04-09 23:31:31,661 - INFO - Dash is running on http://127.0.0.1:8050/

2026-04-09 23:31:36,334 - INFO - Wallet loaded: 0x86cE9823998f6F323151aA613e751156Dc1b9486
2026-04-09 23:31:36,339 - INFO - Wallet loaded: 0x86cE9823998f6F323151aA613e751156Dc1b9486
2026-04-09 23:31:36,339 - INFO - Wallet loaded: 0x86cE9823998f6F323151aA613e751156Dc1b9486
2026-04-09 23:31:36,352 - INFO - Wallet loaded: 0x86cE9823998f6F323151aA613e751156Dc1b9486
2026-04-09 23:31:36,360 - INFO - Wallet loaded: 0x86cE9823998f6F323151aA613e751156Dc1b9486
2026-04-09 23:31:36,783 - INFO - HTTP Request: POST https://clob.polymarket.com/auth/api-key "HTTP/2 400 Bad Request"
2026-04-09 23:31:36,807 - INFO - HTTP Request: POST https://clob.polymarket.com/auth/api-key "HTTP/2 400 Bad Request"
2026-04-09 23:31:36,818 - INFO - HTTP Request: POST https://clob.polymarket.com/auth/api-key "HTTP/2 400 Bad Request"
2026-04-09 23:31:37,080 - INFO - HTTP Request: GET https://clob.polymarket.com/auth/derive-api-key "HTTP/2 200 OK"
2026-04-09 23:31:37,091 - INFO - HTTP Request: GET https://clob.polymarket.com/auth/derive-api-key "HTTP/2 200 OK"
2026-04-09 23:31:37,313 - INFO - HTTP Request: GET https://clob.polymarket.com/auth/derive-api-key "HTTP/2 200 OK"
2026-04-09 23:31:37,322 - INFO - HTTP Request: GET https://clob.polymarket.com/balance-allowance?asset_type=COLLATERAL&signature_type=0 "HTTP/2 200 OK"
2026-04-09 23:31:37,368 - INFO - HTTP Request: GET https://clob.polymarket.com/balance-allowance?asset_type=COLLATERAL&signature_type=0 "HTTP/2 200 OK"
2026-04-09 23:31:37,598 - INFO - HTTP Request: GET https://clob.polymarket.com/balance-allowance?asset_type=COLLATERAL&signature_type=0 "HTTP/2 200 OK"
2026-04-09 23:31:37,602 - INFO - Wallet loaded: 0x86cE9823998f6F323151aA613e751156Dc1b9486
2026-04-09 23:31:37,719 - INFO - Wallet loaded: 0x86cE9823998f6F323151aA613e751156Dc1b9486
2026-04-09 23:31:39,942 - INFO - Fetched 200 markets
2026-04-09 23:31:46,309 - INFO - Wallet loaded: 0x86cE9823998f6F323151aA613e751156Dc1b9486
2026-04-09 23:31:46,314 - INFO - Wallet loaded: 0x86cE9823998f6F323151aA613e751156Dc1b9486
2026-04-09 23:31:46,319 - INFO - Wallet loaded: 0x86cE9823998f6F323151aA613e751156Dc1b9486
2026-04-09 23:31:46,329 - INFO - Wallet loaded: 0x86cE9823998f6F323151aA613e751156Dc1b9486
2026-04-09 23:31:46,332 - INFO - Wallet loaded: 0x86cE9823998f6F323151aA613e751156Dc1b9486
2026-04-09 23:31:46,681 - INFO - HTTP Request: POST https://clob.polymarket.com/auth/api-key "HTTP/2 400 Bad Request"
2026-04-09 23:31:46,725 - INFO - HTTP Request: POST https://clob.polymarket.com/auth/api-key "HTTP/2 400 Bad Request"
2026-04-09 23:31:46,734 - INFO - HTTP Request: POST https://clob.polymarket.com/auth/api-key "HTTP/2 400 Bad Request"
2026-04-09 23:31:47,034 - INFO - HTTP Request: GET https://clob.polymarket.com/auth/derive-api-key "HTTP/2 200 OK"
2026-04-09 23:31:47,043 - INFO - HTTP Request: GET https://clob.polymarket.com/auth/derive-api-key "HTTP/2 200 OK"
2026-04-09 23:31:47,046 - INFO - HTTP Request: GET https://clob.polymarket.com/auth/derive-api-key "HTTP/2 200 OK"
2026-04-09 23:31:47,255 - INFO - HTTP Request: GET https://clob.polymarket.com/balance-allowance?asset_type=COLLATERAL&signature_type=0 "HTTP/2 200 OK"
2026-04-09 23:31:47,259 - INFO - HTTP Request: GET https://clob.polymarket.com/balance-allowance?asset_type=COLLATERAL&signature_type=0 "HTTP/2 200 OK"
2026-04-09 23:31:47,465 - INFO - HTTP Request: GET https://clob.polymarket.com/balance-allowance?asset_type=COLLATERAL&signature_type=0 "HTTP/2 200 OK"
2026-04-09 23:31:47,470 - INFO - Wallet loaded: 0x86cE9823998f6F323151aA613e751156Dc1b9486
2026-04-09 23:31:47,617 - INFO - Wallet loaded: 0x86cE9823998f6F323151aA613e751156Dc1b9486
2026-04-09 23:31:55,329 - INFO - Wallet loaded: 0x86cE9823998f6F323151aA613e751156Dc1b9486
2026-04-09 23:31:55,335 - INFO - Wallet loaded: 0x86cE9823998f6F323151aA613e751156Dc1b9486
2026-04-09 23:31:55,349 - INFO - Wallet loaded: 0x86cE9823998f6F323151aA613e751156Dc1b9486
2026-04-09 23:31:55,362 - INFO - Wallet loaded: 0x86cE9823998f6F323151aA613e751156Dc1b9486
2026-04-09 23:31:55,365 - INFO - Wallet loaded: 0x86cE9823998f6F323151aA613e751156Dc1b9486
2026-04-09 23:31:55,728 - INFO - HTTP Request: POST https://clob.polymarket.com/auth/api-key "HTTP/2 400 Bad Request"
2026-04-09 23:31:55,729 - INFO - HTTP Request: POST https://clob.polymarket.com/auth/api-key "HTTP/2 400 Bad Request"
2026-04-09 23:31:55,729 - INFO - HTTP Request: POST https://clob.polymarket.com/auth/api-key "HTTP/2 400 Bad Request"
2026-04-09 23:31:55,954 - INFO - HTTP Request: GET https://clob.polymarket.com/auth/derive-api-key "HTTP/2 200 OK"
2026-04-09 23:31:55,956 - INFO - HTTP Request: GET https://clob.polymarket.com/auth/derive-api-key "HTTP/2 200 OK"
2026-04-09 23:31:55,956 - INFO - HTTP Request: GET https://clob.polymarket.com/auth/derive-api-key "HTTP/2 200 OK"
2026-04-09 23:31:56,161 - INFO - HTTP Request: GET https://clob.polymarket.com/balance-allowance?asset_type=COLLATERAL&signature_type=0 "HTTP/2 200 OK"
2026-04-09 23:31:56,162 - INFO - HTTP Request: GET https://clob.polymarket.com/balance-allowance?asset_type=COLLATERAL&signature_type=0 "HTTP/2 200 OK"
2026-04-09 23:31:56,171 - INFO - Wallet loaded: 0x86cE9823998f6F323151aA613e751156Dc1b9486
2026-04-09 23:31:56,171 - INFO - HTTP Request: GET https://clob.polymarket.com/balance-allowance?asset_type=COLLATERAL&signature_type=0 "HTTP/2 200 OK"
2026-04-09 23:31:56,313 - INFO - Wallet loaded: 0x86cE9823998f6F323151aA613e751156Dc1b9486
2026-04-09 23:32:06,321 - INFO - Wallet loaded: 0x86cE9823998f6F323151aA613e751156Dc1b9486
2026-04-09 23:32:06,327 - INFO - Wallet loaded: 0x86cE9823998f6F323151aA613e751156Dc1b9486
2026-04-09 23:32:06,330 - INFO - Wallet loaded: 0x86cE9823998f6F323151aA613e751156Dc1b9486
2026-04-09 23:32:06,353 - INFO - Wallet loaded: 0x86cE9823998f6F323151aA613e751156Dc1b9486
2026-04-09 23:32:06,359 - INFO - Wallet loaded: 0x86cE9823998f6F323151aA613e751156Dc1b9486
2026-04-09 23:32:06,613 - INFO - HTTP Request: POST https://clob.polymarket.com/auth/api-key "HTTP/2 400 Bad Request"
2026-04-09 23:32:06,654 - INFO - HTTP Request: POST https://clob.polymarket.com/auth/api-key "HTTP/2 400 Bad Request"
2026-04-09 23:32:06,662 - INFO - HTTP Request: POST https://clob.polymarket.com/auth/api-key "HTTP/2 400 Bad Request"
2026-04-09 23:32:06,956 - INFO - HTTP Request: GET https://clob.polymarket.com/auth/derive-api-key "HTTP/2 200 OK"
2026-04-09 23:32:06,989 - INFO - HTTP Request: GET https://clob.polymarket.com/auth/derive-api-key "HTTP/2 200 OK"
2026-04-09 23:32:07,192 - INFO - HTTP Request: GET https://clob.polymarket.com/balance-allowance?asset_type=COLLATERAL&signature_type=0 "HTTP/2 200 OK"
2026-04-09 23:32:07,196 - INFO - HTTP Request: GET https://clob.polymarket.com/auth/derive-api-key "HTTP/2 200 OK"
2026-04-09 23:32:07,217 - INFO - HTTP Request: GET https://clob.polymarket.com/balance-allowance?asset_type=COLLATERAL&signature_type=0 "HTTP/2 200 OK"
2026-04-09 23:32:07,398 - INFO - HTTP Request: GET https://clob.polymarket.com/balance-allowance?asset_type=COLLATERAL&signature_type=0 "HTTP/2 200 OK"
2026-04-09 23:32:07,403 - INFO - Wallet loaded: 0x86cE9823998f6F323151aA613e751156Dc1b9486
2026-04-09 23:32:07,557 - INFO - Wallet loaded: 0x86cE9823998f6F323151aA613e751156Dc1b9486
2026-04-10 07:45:25,826 - INFO - Dash is running on http://127.0.0.1:8050/

2026-04-10 07:46:08,780 - INFO - Fetched 200 markets
2026-04-10 11:05:07,348 - INFO - Dash is running on http://127.0.0.1:8050/

2026-04-10 11:07:54,632 - INFO - Dash is running on http://127.0.0.1:8050/

2026-04-10 11:08:20,821 - INFO - Fetched 200 markets
2026-04-10 11:24:42,939 - INFO - Fetched 200 markets
2026-04-10 12:45:49,444 - INFO - Dash is running on http://127.0.0.1:8050/

2026-04-10 14:35:58,692 - INFO - 127.0.0.1 - - [10/Apr/2026 14:35:58] "POST /api/simulation/start HTTP/1.1" 200 -
2026-04-10 14:36:00,702 - INFO - 127.0.0.1 - - [10/Apr/2026 14:36:00] "GET /api/simulation/status HTTP/1.1" 200 -
